Watching for file changes with StatReloader
Waiting for apps ready_event.
Apps ready_event triggered. Sending autoreload_started signal.
Watching dir /home/app/application/food/main/templates with glob **/*.
Watching dir /home/app/application/food/locale with glob **/*.mo.
Watching dir /home/app/application/food/main/locale with glob **/*.mo.
(0.001) 
            SELECT name, type FROM sqlite_master
            WHERE type in ('table', 'view') AND NOT name='sqlite_sequence'
            ORDER BY name; args=None
(0.002) SELECT "django_migrations"."id", "django_migrations"."app", "django_migrations"."name", "django_migrations"."applied" FROM "django_migrations"; args=()
File /usr/local/lib/python3.9/site-packages/django/contrib/staticfiles/management/commands/__init__.py first seen with mtime 1631003828.21
File /home/app/application/food/main/models/__init__.py first seen with mtime 1631020400.74
File /usr/local/lib/python3.9/site-packages/django/contrib/admin/decorators.py first seen with mtime 1631003827.38
File /usr/local/lib/python3.9/enum.py first seen with mtime 1629215285.0
File /usr/local/lib/python3.9/asyncio/protocols.py first seen with mtime 1629215290.0
File /usr/local/lib/python3.9/email/errors.py first seen with mtime 1629215291.0
File /usr/local/lib/python3.9/asyncio/log.py first seen with mtime 1629215290.0
File /usr/local/lib/python3.9/platform.py first seen with mtime 1629215285.0
File /usr/local/lib/python3.9/lib-dynload/_pickle.cpython-39-x86_64-linux-gnu.so first seen with mtime 1629215251.0
File /usr/local/lib/python3.9/site-packages/django/contrib/admin/templatetags/admin_urls.py first seen with mtime 1631003827.57
File /usr/local/lib/python3.9/locale.py first seen with mtime 1629215285.0
File /usr/local/lib/python3.9/site-packages/django/contrib/contenttypes/__init__.py first seen with mtime 1631003827.71
File /usr/local/lib/python3.9/site-packages/django/db/models/functions/datetime.py first seen with mtime 1631003828.26
File /usr/local/lib/python3.9/site-packages/django/core/handlers/__init__.py first seen with mtime 1631003828.22
File /usr/local/lib/python3.9/site-packages/django/forms/fields.py first seen with mtime 1631003828.27
File /usr/local/lib/python3.9/site-packages/django/contrib/sessions/backends/base.py first seen with mtime 1631003828.09
File /usr/local/lib/python3.9/site-packages/django/forms/forms.py first seen with mtime 1631003828.27
File /usr/local/lib/python3.9/site-packages/django/db/models/constraints.py first seen with mtime 1631003828.26
File /usr/local/lib/python3.9/site-packages/django/template/loader_tags.py first seen with mtime 1631003828.29
File /usr/local/lib/python3.9/email/parser.py first seen with mtime 1629215291.0
File /usr/local/lib/python3.9/email/_header_value_parser.py first seen with mtime 1629215291.0
File /usr/local/lib/python3.9/site-packages/sqlparse/sql.py first seen with mtime 1631003826.83
File /usr/local/lib/python3.9/asyncio/events.py first seen with mtime 1629215290.0
File /home/app/application/food/main/models/Recipe.py first seen with mtime 1631020067.31
File /usr/local/lib/python3.9/lib-dynload/unicodedata.cpython-39-x86_64-linux-gnu.so first seen with mtime 1629215251.0
File /usr/local/lib/python3.9/site-packages/django/forms/models.py first seen with mtime 1631003828.27
File /usr/local/lib/python3.9/site-packages/django/db/migrations/utils.py first seen with mtime 1631003828.25
File /usr/local/lib/python3.9/site-packages/django/contrib/admin/apps.py first seen with mtime 1631003827.38
File /usr/local/lib/python3.9/site-packages/django/templatetags/i18n.py first seen with mtime 1631003828.29
File /usr/local/lib/python3.9/site-packages/django/core/management/color.py first seen with mtime 1631003828.22
File /usr/local/lib/python3.9/ntpath.py first seen with mtime 1629215285.0
File /usr/local/lib/python3.9/lib-dynload/_opcode.cpython-39-x86_64-linux-gnu.so first seen with mtime 1629215249.0
File /usr/local/lib/python3.9/email/policy.py first seen with mtime 1629215291.0
File /usr/local/lib/python3.9/site-packages/django/template/defaultfilters.py first seen with mtime 1631003828.29
File /usr/local/lib/python3.9/lib-dynload/zlib.cpython-39-x86_64-linux-gnu.so first seen with mtime 1629215262.0
File /usr/local/lib/python3.9/site-packages/django/db/models/sql/datastructures.py first seen with mtime 1631003828.27
File /usr/local/lib/python3.9/site-packages/django/contrib/admin/helpers.py first seen with mtime 1631003827.38
File /usr/local/lib/python3.9/site-packages/django/templatetags/cache.py first seen with mtime 1631003828.29
File /usr/local/lib/python3.9/quopri.py first seen with mtime 1629215285.0
File /usr/local/lib/python3.9/site-packages/django/forms/__init__.py first seen with mtime 1631003828.27
File /usr/local/lib/python3.9/site-packages/django/http/cookie.py first seen with mtime 1631003828.28
File /usr/local/lib/python3.9/site-packages/django/utils/tree.py first seen with mtime 1631003828.31
File /usr/local/lib/python3.9/glob.py first seen with mtime 1629215285.0
File /usr/local/lib/python3.9/lib-dynload/math.cpython-39-x86_64-linux-gnu.so first seen with mtime 1629215245.0
File /usr/local/lib/python3.9/ast.py first seen with mtime 1629215285.0
File /usr/local/lib/python3.9/queue.py first seen with mtime 1629215285.0
File /usr/local/lib/python3.9/importlib/abc.py first seen with mtime 1629215290.0
File /usr/local/lib/python3.9/site-packages/django/contrib/admin/templatetags/log.py first seen with mtime 1631003827.57
File /usr/local/lib/python3.9/site-packages/django/templatetags/tz.py first seen with mtime 1631003828.3
File /usr/local/lib/python3.9/site-packages/django/utils/topological_sort.py first seen with mtime 1631003828.31
File /usr/local/lib/python3.9/asyncio/futures.py first seen with mtime 1629215290.0
File /usr/local/lib/python3.9/opcode.py first seen with mtime 1629215285.0
File /usr/local/lib/python3.9/site-packages/django/dispatch/dispatcher.py first seen with mtime 1631003828.27
File /usr/local/lib/python3.9/site-packages/django/core/serializers/json.py first seen with mtime 1631003828.23
File /usr/local/lib/python3.9/site-packages/django/contrib/staticfiles/management/__init__.py first seen with mtime 1631003828.21
File /usr/local/lib/python3.9/operator.py first seen with mtime 1629215285.0
File /usr/local/lib/python3.9/site-packages/django/forms/utils.py first seen with mtime 1631003828.27
File /usr/local/lib/python3.9/site-packages/django/utils/autoreload.py first seen with mtime 1631003828.3
File /usr/local/lib/python3.9/threading.py first seen with mtime 1629215285.0
File /usr/local/lib/python3.9/sre_compile.py first seen with mtime 1629215285.0
File /usr/local/lib/python3.9/site-packages/django/core/files/locks.py first seen with mtime 1631003828.22
File /usr/local/lib/python3.9/site-packages/django/core/signals.py first seen with mtime 1631003828.21
File /usr/local/lib/python3.9/abc.py first seen with mtime 1629215285.0
File /usr/local/lib/python3.9/site-packages/sqlparse/filters/right_margin.py first seen with mtime 1631003826.83
File /usr/local/lib/python3.9/site-packages/django/contrib/auth/signals.py first seen with mtime 1631003827.64
File /usr/local/lib/python3.9/site-packages/django/contrib/admin/templatetags/admin_list.py first seen with mtime 1631003827.57
File /usr/local/lib/python3.9/site-packages/django/template/defaulttags.py first seen with mtime 1631003828.29
File /usr/local/lib/python3.9/collections/abc.py first seen with mtime 1629215291.0
File /usr/local/lib/python3.9/site-packages/django/utils/__init__.py first seen with mtime 1631003828.3
File /usr/local/lib/python3.9/uu.py first seen with mtime 1629215285.0
File /usr/local/lib/python3.9/site-packages/django/template/smartif.py first seen with mtime 1631003828.29
File /usr/local/lib/python3.9/site-packages/pytz/exceptions.py first seen with mtime 1631003826.9
File /usr/local/lib/python3.9/site-packages/django/templatetags/l10n.py first seen with mtime 1631003828.3
File /usr/local/lib/python3.9/site-packages/django/db/models/lookups.py first seen with mtime 1631003828.26
File /usr/local/lib/python3.9/site-packages/django/utils/formats.py first seen with mtime 1631003828.31
File /usr/local/lib/python3.9/site-packages/django/views/debug.py first seen with mtime 1631003828.31
File /usr/local/lib/python3.9/site-packages/django/utils/inspect.py first seen with mtime 1631003828.31
File /usr/local/lib/python3.9/http/cookies.py first seen with mtime 1629215292.0
File /usr/local/lib/python3.9/unittest/suite.py first seen with mtime 1629215294.0
File /usr/local/lib/python3.9/logging/config.py first seen with mtime 1629215292.0
File /usr/local/lib/python3.9/site-packages/django/db/migrations/exceptions.py first seen with mtime 1631003828.25
File /usr/local/lib/python3.9/site-packages/django/utils/translation/trans_real.py first seen with mtime 1631003828.31
File /usr/local/lib/python3.9/typing.py first seen with mtime 1629215285.0
File /usr/local/lib/python3.9/site-packages/django/template/loader.py first seen with mtime 1631003828.29
File /usr/local/lib/python3.9/urllib/response.py first seen with mtime 1629215292.0
File /home/app/application/food/main/view/recipe/__init__.py first seen with mtime 1631021600.3
File /usr/local/lib/python3.9/asyncio/transports.py first seen with mtime 1629215290.0
File /usr/local/lib/python3.9/site-packages/django/contrib/staticfiles/checks.py first seen with mtime 1631003828.21
File /usr/local/lib/python3.9/site-packages/django/utils/_os.py first seen with mtime 1631003828.3
File /usr/local/lib/python3.9/types.py first seen with mtime 1629215285.0
File /usr/local/lib/python3.9/site-packages/django/views/generic/edit.py first seen with mtime 1631003828.32
File /usr/local/lib/python3.9/_bootlocale.py first seen with mtime 1629215285.0
File /usr/local/lib/python3.9/site-packages/sqlparse/filters/reindent.py first seen with mtime 1631003826.83
File /usr/local/lib/python3.9/concurrent/futures/__init__.py first seen with mtime 1629215291.0
File /usr/local/lib/python3.9/site-packages/django/http/multipartparser.py first seen with mtime 1631003828.28
File /usr/local/lib/python3.9/site-packages/django/contrib/admin/widgets.py first seen with mtime 1631003827.38
File /home/app/application/food/main/view/recipe/detail.py first seen with mtime 1631092154.4967368
File /usr/local/lib/python3.9/site-packages/sqlparse/lexer.py first seen with mtime 1631003826.82
File /usr/local/lib/python3.9/importlib/util.py first seen with mtime 1629215290.0
File /usr/local/lib/python3.9/site-packages/django/dispatch/__init__.py first seen with mtime 1631003828.27
File /usr/local/lib/python3.9/site-packages/django/middleware/__init__.py first seen with mtime 1631003828.28
File /usr/local/lib/python3.9/site-packages/django/utils/translation/reloader.py first seen with mtime 1631003828.31
File /usr/local/lib/python3.9/email/mime/message.py first seen with mtime 1629215292.0
File /usr/local/lib/python3.9/site-packages/django/db/models/fields/files.py first seen with mtime 1631003828.26
File /usr/local/lib/python3.9/site-packages/django/template/loaders/filesystem.py first seen with mtime 1631003828.29
File /usr/local/lib/python3.9/site-packages/django/templatetags/static.py first seen with mtime 1631003828.3
File /usr/local/lib/python3.9/site-packages/django/apps/config.py first seen with mtime 1631003827.24
File /usr/local/lib/python3.9/urllib/__init__.py first seen with mtime 1629215292.0
File /usr/local/lib/python3.9/site-packages/django/template/library.py first seen with mtime 1631003828.29
File /usr/local/lib/python3.9/site-packages/django/utils/datastructures.py first seen with mtime 1631003828.3
File /usr/local/lib/python3.9/email/__init__.py first seen with mtime 1629215291.0
File /home/app/application/food/main/view/index.py first seen with mtime 1631020927.3
File /usr/local/lib/python3.9/site-packages/django/db/backends/sqlite3/creation.py first seen with mtime 1631003828.25
File /usr/local/lib/python3.9/site-packages/django/core/checks/messages.py first seen with mtime 1631003828.21
File /usr/local/lib/python3.9/site-packages/django/contrib/sessions/backends/__init__.py first seen with mtime 1631003828.09
File /usr/local/lib/python3.9/site-packages/django/contrib/contenttypes/views.py first seen with mtime 1631003827.72
File /usr/local/lib/python3.9/email/contentmanager.py first seen with mtime 1629215291.0
File /usr/local/lib/python3.9/site-packages/django/db/models/signals.py first seen with mtime 1631003828.26
File /usr/local/lib/python3.9/difflib.py first seen with mtime 1629215285.0
File /usr/local/lib/python3.9/site-packages/django/db/models/fields/related_descriptors.py first seen with mtime 1631003828.26
File /usr/local/lib/python3.9/site-packages/django/db/transaction.py first seen with mtime 1631003828.23
File /usr/local/lib/python3.9/bz2.py first seen with mtime 1629215285.0
File /usr/local/lib/python3.9/site-packages/django/db/backends/sqlite3/client.py first seen with mtime 1631003828.25
File /usr/local/lib/python3.9/site-packages/django/middleware/security.py first seen with mtime 1631003828.29
File /usr/local/lib/python3.9/email/utils.py first seen with mtime 1629215291.0
File /usr/local/lib/python3.9/asyncio/threads.py first seen with mtime 1629215290.0
File /usr/local/lib/python3.9/site-packages/django/template/loaders/app_directories.py first seen with mtime 1631003828.29
File /usr/local/lib/python3.9/site-packages/sqlparse/cli.py first seen with mtime 1631003826.82
File /usr/local/lib/python3.9/unittest/__init__.py first seen with mtime 1629215294.0
File /usr/local/lib/python3.9/site-packages/sqlparse/__init__.py first seen with mtime 1631003826.82
File /usr/local/lib/python3.9/weakref.py first seen with mtime 1629215285.0
File /usr/local/lib/python3.9/lib-dynload/_sha512.cpython-39-x86_64-linux-gnu.so first seen with mtime 1629215258.0
File /usr/local/lib/python3.9/http/server.py first seen with mtime 1629215292.0
File /usr/local/lib/python3.9/lib-dynload/_json.cpython-39-x86_64-linux-gnu.so first seen with mtime 1629215250.0
File /usr/local/lib/python3.9/site-packages/django/apps/registry.py first seen with mtime 1631003827.24
File /usr/local/lib/python3.9/logging/__init__.py first seen with mtime 1629215292.0
File /usr/local/lib/python3.9/site.py first seen with mtime 1629215285.0
File /usr/local/lib/python3.9/email/message.py first seen with mtime 1629215291.0
File /usr/local/lib/python3.9/site-packages/django/core/paginator.py first seen with mtime 1631003828.21
File /usr/local/lib/python3.9/site-packages/django/db/backends/sqlite3/operations.py first seen with mtime 1631003828.25
File /usr/local/lib/python3.9/site-packages/django/utils/deconstruct.py first seen with mtime 1631003828.3
File /usr/local/lib/python3.9/hashlib.py first seen with mtime 1629215285.0
File /usr/local/lib/python3.9/site-packages/sqlparse/utils.py first seen with mtime 1631003826.83
File /usr/local/lib/python3.9/lib-dynload/_random.cpython-39-x86_64-linux-gnu.so first seen with mtime 1629215246.0
File /usr/local/lib/python3.9/site-packages/django/utils/translation/__init__.py first seen with mtime 1631003828.31
File /usr/local/lib/python3.9/site-packages/django/db/backends/sqlite3/__init__.py first seen with mtime 1631003828.25
File /usr/local/lib/python3.9/site-packages/django/__init__.py first seen with mtime 1631003827.23
File /usr/local/lib/python3.9/sqlite3/dbapi2.py first seen with mtime 1629215292.0
File /usr/local/lib/python3.9/site-packages/asgiref/__init__.py first seen with mtime 1631003827.12
File /home/app/application/food/food/__init__.py first seen with mtime 1631004264.49
File /usr/local/lib/python3.9/site-packages/django/contrib/contenttypes/apps.py first seen with mtime 1631003827.71
File /usr/local/lib/python3.9/asyncio/base_events.py first seen with mtime 1629215290.0
File /usr/local/lib/python3.9/contextlib.py first seen with mtime 1629215285.0
File /usr/local/lib/python3.9/site-packages/django/views/i18n.py first seen with mtime 1631003828.31
File /usr/local/lib/python3.9/lib-dynload/fcntl.cpython-39-x86_64-linux-gnu.so first seen with mtime 1629215251.0
File /usr/local/lib/python3.9/site-packages/django/contrib/messages/constants.py first seen with mtime 1631003827.98
File /usr/local/lib/python3.9/site-packages/sqlparse/keywords.py first seen with mtime 1631003826.82
File /usr/local/lib/python3.9/site-packages/django/views/generic/list.py first seen with mtime 1631003828.32
File /usr/local/lib/python3.9/ipaddress.py first seen with mtime 1629215285.0
File /usr/local/lib/python3.9/site-packages/django/db/backends/sqlite3/schema.py first seen with mtime 1631003828.25
File /usr/local/lib/python3.9/wsgiref/headers.py first seen with mtime 1629215292.0
File /home/app/application/food/main/models/Phone.py first seen with mtime 1631090264.8167367
File /usr/local/lib/python3.9/site-packages/django/apps/__init__.py first seen with mtime 1631003827.24
File /usr/local/lib/python3.9/asyncio/exceptions.py first seen with mtime 1629215290.0
File /usr/local/lib/python3.9/warnings.py first seen with mtime 1629215285.0
File /usr/local/lib/python3.9/site-packages/django/contrib/staticfiles/finders.py first seen with mtime 1631003828.21
File /usr/local/lib/python3.9/site-packages/django/core/servers/__init__.py first seen with mtime 1631003828.23
File /home/app/application/food/main/forms/__init__.py first seen with mtime 1631025909.43
File /usr/local/lib/python3.9/site-packages/django/db/backends/base/client.py first seen with mtime 1631003828.24
File /usr/local/lib/python3.9/re.py first seen with mtime 1629215285.0
File /usr/local/lib/python3.9/site-packages/django/core/checks/caches.py first seen with mtime 1631003828.21
File /usr/local/lib/python3.9/site-packages/django/db/models/fields/proxy.py first seen with mtime 1631003828.26
File /usr/local/lib/python3.9/site-packages/django/core/handlers/wsgi.py first seen with mtime 1631003828.22
File /home/app/application/food/main/view/recipe/create.py first seen with mtime 1631027310.81
File /usr/local/lib/python3.9/site-packages/django/contrib/staticfiles/management/commands/runserver.py first seen with mtime 1631003828.21
File /usr/local/lib/python3.9/email/mime/base.py first seen with mtime 1629215292.0
File /usr/local/lib/python3.9/site-packages/django/core/files/images.py first seen with mtime 1631003828.22
File /usr/local/lib/python3.9/site-packages/django/core/management/base.py first seen with mtime 1631003828.22
File /usr/local/lib/python3.9/site-packages/django/conf/locale/__init__.py first seen with mtime 1631003827.24
File /usr/local/lib/python3.9/site-packages/django/utils/decorators.py first seen with mtime 1631003828.3
File /usr/local/lib/python3.9/lib-dynload/_sqlite3.cpython-39-x86_64-linux-gnu.so first seen with mtime 1629215263.0
File /usr/local/lib/python3.9/concurrent/__init__.py first seen with mtime 1629215291.0
File /usr/local/lib/python3.9/site-packages/django/utils/crypto.py first seen with mtime 1631003828.3
File /usr/local/lib/python3.9/site-packages/django/contrib/auth/hashers.py first seen with mtime 1631003827.64
File /home/app/application/food/main/forms/Recipe.py first seen with mtime 1631027064.64
File /usr/local/lib/python3.9/site-packages/django/utils/hashable.py first seen with mtime 1631003828.31
File /usr/local/lib/python3.9/email/base64mime.py first seen with mtime 1629215291.0
File /usr/local/lib/python3.9/site-packages/django/db/backends/base/operations.py first seen with mtime 1631003828.24
File /usr/local/lib/python3.9/site-packages/pytz/tzinfo.py first seen with mtime 1631003826.9
File /usr/local/lib/python3.9/site-packages/django/core/cache/__init__.py first seen with mtime 1631003828.21
File /usr/local/lib/python3.9/asyncio/runners.py first seen with mtime 1629215290.0
File /usr/local/lib/python3.9/site-packages/django/urls/resolvers.py first seen with mtime 1631003828.3
File /usr/local/lib/python3.9/site-packages/django/middleware/csrf.py first seen with mtime 1631003828.29
File /usr/local/lib/python3.9/site-packages/django/utils/dateparse.py first seen with mtime 1631003828.3
File /usr/local/lib/python3.9/lib-dynload/_bz2.cpython-39-x86_64-linux-gnu.so first seen with mtime 1629215263.0
File /usr/local/lib/python3.9/lib-dynload/_datetime.cpython-39-x86_64-linux-gnu.so first seen with mtime 1629215249.0
File /usr/local/lib/python3.9/site-packages/django/templatetags/__init__.py first seen with mtime 1631003828.29
File /usr/local/lib/python3.9/site-packages/django/db/models/sql/query.py first seen with mtime 1631003828.27
File /usr/local/lib/python3.9/site-packages/django/template/loaders/base.py first seen with mtime 1631003828.29
File /usr/local/lib/python3.9/site-packages/django/core/files/uploadedfile.py first seen with mtime 1631003828.22
File /usr/local/lib/python3.9/site-packages/django/contrib/auth/tokens.py first seen with mtime 1631003827.65
File /usr/local/lib/python3.9/site-packages/django/contrib/staticfiles/__init__.py first seen with mtime 1631003828.21
File /usr/local/lib/python3.9/site-packages/django/core/serializers/python.py first seen with mtime 1631003828.23
File /usr/local/lib/python3.9/site-packages/django/core/mail/utils.py first seen with mtime 1631003828.22
File /usr/local/lib/python3.9/site-packages/django/core/management/commands/runserver.py first seen with mtime 1631003828.23
File /usr/local/lib/python3.9/site-packages/django/template/response.py first seen with mtime 1631003828.29
File /usr/local/lib/python3.9/urllib/request.py first seen with mtime 1629215292.0
File /usr/local/lib/python3.9/site-packages/pytz/__init__.py first seen with mtime 1631003826.9
File /usr/local/lib/python3.9/html/entities.py first seen with mtime 1629215292.0
File /usr/local/lib/python3.9/traceback.py first seen with mtime 1629215285.0
File /usr/local/lib/python3.9/site-packages/django/core/cache/utils.py first seen with mtime 1631003828.21
File /usr/local/lib/python3.9/site-packages/sqlparse/engine/grouping.py first seen with mtime 1631003826.83
File /usr/local/lib/python3.9/site-packages/sqlparse/filters/aligned_indent.py first seen with mtime 1631003826.83
File /usr/local/lib/python3.9/site-packages/django/contrib/admin/checks.py first seen with mtime 1631003827.38
File /usr/local/lib/python3.9/site-packages/django/db/backends/base/schema.py first seen with mtime 1631003828.24
File /usr/local/lib/python3.9/site-packages/django/db/migrations/__init__.py first seen with mtime 1631003828.25
File /usr/local/lib/python3.9/site-packages/django/template/context.py first seen with mtime 1631003828.29
File /usr/local/lib/python3.9/encodings/latin_1.py first seen with mtime 1629215291.0
File /usr/local/lib/python3.9/site-packages/django/template/autoreload.py first seen with mtime 1631003828.29
File /usr/local/lib/python3.9/site-packages/django/utils/log.py first seen with mtime 1631003828.31
File /usr/local/lib/python3.9/site-packages/django/contrib/staticfiles/utils.py first seen with mtime 1631003828.21
File /usr/local/lib/python3.9/tempfile.py first seen with mtime 1629215285.0
File /usr/local/lib/python3.9/site-packages/django/forms/renderers.py first seen with mtime 1631003828.27
File /usr/local/lib/python3.9/site-packages/django/core/checks/registry.py first seen with mtime 1631003828.22
File /usr/local/lib/python3.9/token.py first seen with mtime 1629215285.0
File /usr/local/lib/python3.9/site-packages/django/core/mail/message.py first seen with mtime 1631003828.22
File /usr/local/lib/python3.9/encodings/aliases.py first seen with mtime 1629215291.0
File /usr/local/lib/python3.9/site-packages/django/utils/dates.py first seen with mtime 1631003828.3
File /usr/local/lib/python3.9/site-packages/django/template/__init__.py first seen with mtime 1631003828.29
File /usr/local/lib/python3.9/site-packages/django/utils/timezone.py first seen with mtime 1631003828.31
File /usr/local/lib/python3.9/site-packages/django/views/static.py first seen with mtime 1631003828.31
File /usr/local/lib/python3.9/lib-dynload/_asyncio.cpython-39-x86_64-linux-gnu.so first seen with mtime 1629215250.0
File /usr/local/lib/python3.9/sre_constants.py first seen with mtime 1629215285.0
File /usr/local/lib/python3.9/site-packages/django/conf/global_settings.py first seen with mtime 1631003827.24
File /usr/local/lib/python3.9/site-packages/django/core/management/commands/__init__.py first seen with mtime 1631003828.22
File /usr/local/lib/python3.9/site-packages/django/core/exceptions.py first seen with mtime 1631003828.21
File /usr/local/lib/python3.9/os.py first seen with mtime 1629215285.0
File /usr/local/lib/python3.9/site-packages/django/db/migrations/state.py first seen with mtime 1631003828.25
File /home/app/application/food/food/settings.py first seen with mtime 1631092098.2467368
File /home/app/application/food/main/models/RecipeIngredientUnit.py first seen with mtime 1631020709.91
File /usr/local/lib/python3.9/site-packages/sqlparse/engine/filter_stack.py first seen with mtime 1631003826.83
File /usr/local/lib/python3.9/site-packages/django/utils/text.py first seen with mtime 1631003828.31
File /usr/local/lib/python3.9/site-packages/django/template/utils.py first seen with mtime 1631003828.29
File /usr/local/lib/python3.9/site-packages/django/db/models/functions/__init__.py first seen with mtime 1631003828.26
File /usr/local/lib/python3.9/site-packages/django/db/models/constants.py first seen with mtime 1631003828.26
File /usr/local/lib/python3.9/site-packages/django/core/checks/__init__.py first seen with mtime 1631003828.21
File /usr/local/lib/python3.9/lib-dynload/select.cpython-39-x86_64-linux-gnu.so first seen with mtime 1629215252.0
File /usr/local/lib/python3.9/site-packages/django/contrib/admin/templatetags/base.py first seen with mtime 1631003827.57
File /usr/local/lib/python3.9/string.py first seen with mtime 1629215285.0
File /usr/local/lib/python3.9/datetime.py first seen with mtime 1629215285.0
File /usr/local/lib/python3.9/site-packages/django/core/handlers/asgi.py first seen with mtime 1631003828.22
File /usr/local/lib/python3.9/site-packages/django/db/models/functions/comparison.py first seen with mtime 1631003828.26
File /usr/local/lib/python3.9/lib-dynload/_statistics.cpython-39-x86_64-linux-gnu.so first seen with mtime 1629215251.0
File /usr/local/lib/python3.9/site-packages/django/contrib/sessions/models.py first seen with mtime 1631003828.09
File /usr/local/lib/python3.9/site-packages/django/views/defaults.py first seen with mtime 1631003828.31
File /usr/local/lib/python3.9/lib-dynload/_ssl.cpython-39-x86_64-linux-gnu.so first seen with mtime 1629215257.0
File /usr/local/lib/python3.9/importlib/machinery.py first seen with mtime 1629215290.0
File /usr/local/lib/python3.9/urllib/error.py first seen with mtime 1629215292.0
File /usr/local/lib/python3.9/site-packages/django/db/backends/sqlite3/base.py first seen with mtime 1631003828.25
File /usr/local/lib/python3.9/site-packages/django/contrib/auth/checks.py first seen with mtime 1631003827.64
File /usr/local/lib/python3.9/json/scanner.py first seen with mtime 1629215292.0
File /usr/local/lib/python3.9/numbers.py first seen with mtime 1629215285.0
File /usr/local/lib/python3.9/site-packages/django/contrib/sites/__init__.py first seen with mtime 1631003828.15
File /usr/local/lib/python3.9/site-packages/django/contrib/sessions/middleware.py first seen with mtime 1631003828.09
File /usr/local/lib/python3.9/site-packages/sqlparse/engine/__init__.py first seen with mtime 1631003826.83
File /usr/local/lib/python3.9/site-packages/django/views/generic/dates.py first seen with mtime 1631003828.32
File /usr/local/lib/python3.9/email/mime/__init__.py first seen with mtime 1629215292.0
File /usr/local/lib/python3.9/site-packages/django/contrib/sessions/__init__.py first seen with mtime 1631003828.09
File /usr/local/lib/python3.9/site-packages/django/core/handlers/exception.py first seen with mtime 1631003828.22
File /usr/local/lib/python3.9/site-packages/django/core/management/__init__.py first seen with mtime 1631003828.22
File /usr/local/lib/python3.9/site-packages/django/contrib/auth/management/__init__.py first seen with mtime 1631003827.71
File /usr/local/lib/python3.9/site-packages/django/contrib/auth/backends.py first seen with mtime 1631003827.64
File /usr/local/lib/python3.9/site-packages/django/template/engine.py first seen with mtime 1631003828.29
File /usr/local/lib/python3.9/pathlib.py first seen with mtime 1629215285.0
File /usr/local/lib/python3.9/site-packages/django/db/models/fields/__init__.py first seen with mtime 1631003828.26
File /usr/local/lib/python3.9/site-packages/django/contrib/sessions/base_session.py first seen with mtime 1631003828.09
File /usr/local/lib/python3.9/site-packages/django/views/decorators/debug.py first seen with mtime 1631003828.32
File /usr/local/lib/python3.9/collections/__init__.py first seen with mtime 1629215291.0
File /usr/local/lib/python3.9/getpass.py first seen with mtime 1629215285.0
File /usr/local/lib/python3.9/asyncio/selector_events.py first seen with mtime 1629215290.0
File /usr/local/lib/python3.9/copyreg.py first seen with mtime 1629215285.0
File /usr/local/lib/python3.9/pickle.py first seen with mtime 1629215285.0
File /usr/local/lib/python3.9/concurrent/futures/_base.py first seen with mtime 1629215291.0
File /usr/local/lib/python3.9/_collections_abc.py first seen with mtime 1629215285.0
File /usr/local/lib/python3.9/site-packages/django/core/signing.py first seen with mtime 1631003828.21
File /usr/local/lib/python3.9/site-packages/django/template/exceptions.py first seen with mtime 1631003828.29
File /usr/local/lib/python3.9/site-packages/django/template/loaders/__init__.py first seen with mtime 1631003828.29
File /usr/local/lib/python3.9/cgi.py first seen with mtime 1629215285.0
File /home/app/application/food/main/models/Address.py first seen with mtime 1631090639.9367368
File /usr/local/lib/python3.9/site-packages/django/db/models/deletion.py first seen with mtime 1631003828.26
File /usr/local/lib/python3.9/asyncio/coroutines.py first seen with mtime 1629215290.0
File /usr/local/lib/python3.9/site-packages/django/db/migrations/operations/models.py first seen with mtime 1631003828.25
File /usr/local/lib/python3.9/asyncio/unix_events.py first seen with mtime 1629215290.0
File /usr/local/lib/python3.9/dis.py first seen with mtime 1629215285.0
File /usr/local/lib/python3.9/site-packages/django/db/backends/__init__.py first seen with mtime 1631003828.23
File /usr/local/lib/python3.9/html/__init__.py first seen with mtime 1629215292.0
File /usr/local/lib/python3.9/asyncio/__init__.py first seen with mtime 1629215290.0
File /usr/local/lib/python3.9/unittest/case.py first seen with mtime 1629215294.0
File /usr/local/lib/python3.9/site-packages/django/utils/version.py first seen with mtime 1631003828.31
File /usr/local/lib/python3.9/site-packages/django/core/files/temp.py first seen with mtime 1631003828.22
File /usr/local/lib/python3.9/email/charset.py first seen with mtime 1629215291.0
File /usr/local/lib/python3.9/wsgiref/__init__.py first seen with mtime 1629215292.0
File /usr/local/lib/python3.9/sqlite3/__init__.py first seen with mtime 1629215292.0
File /usr/local/lib/python3.9/site-packages/django/http/response.py first seen with mtime 1631003828.28
File /usr/local/lib/python3.9/site-packages/django/core/files/storage.py first seen with mtime 1631003828.22
File /usr/local/lib/python3.9/site-packages/django/forms/boundfield.py first seen with mtime 1631003828.27
File /usr/local/lib/python3.9/site-packages/django/urls/__init__.py first seen with mtime 1631003828.3
File /usr/local/lib/python3.9/site-packages/django/db/backends/base/base.py first seen with mtime 1631003828.24
File /usr/local/lib/python3.9/distutils/__init__.py first seen with mtime 1629215293.0
File /usr/local/lib/python3.9/site-packages/django/contrib/admin/models.py first seen with mtime 1631003827.38
File /usr/local/lib/python3.9/site-packages/django/contrib/auth/base_user.py first seen with mtime 1631003827.64
File /usr/local/lib/python3.9/site-packages/django/db/backends/utils.py first seen with mtime 1631003828.23
File /usr/local/lib/python3.9/asyncio/subprocess.py first seen with mtime 1629215290.0
File /usr/local/lib/python3.9/_markupbase.py first seen with mtime 1629215285.0
File /usr/local/lib/python3.9/asyncio/sslproto.py first seen with mtime 1629215290.0
File /usr/local/lib/python3.9/lib-dynload/_decimal.cpython-39-x86_64-linux-gnu.so first seen with mtime 1629215283.0
File /usr/local/lib/python3.9/site-packages/django/utils/ipv6.py first seen with mtime 1631003828.31
File /usr/local/lib/python3.9/mimetypes.py first seen with mtime 1629215285.0
File /usr/local/lib/python3.9/asyncio/base_futures.py first seen with mtime 1629215290.0
File /usr/local/lib/python3.9/site-packages/django/urls/utils.py first seen with mtime 1631003828.3
File /usr/local/lib/python3.9/lib-dynload/grp.cpython-39-x86_64-linux-gnu.so first seen with mtime 1629215251.0
File /usr/local/lib/python3.9/lib-dynload/binascii.cpython-39-x86_64-linux-gnu.so first seen with mtime 1629215263.0
File /usr/local/lib/python3.9/site-packages/django/http/__init__.py first seen with mtime 1631003828.28
File /usr/local/lib/python3.9/site-packages/django/utils/html.py first seen with mtime 1631003828.31
File /usr/local/lib/python3.9/site-packages/django/contrib/admin/__init__.py first seen with mtime 1631003827.38
File /usr/local/lib/python3.9/site-packages/django/core/wsgi.py first seen with mtime 1631003828.21
File /home/app/application/food/manage.py first seen with mtime 1631004264.49
File /usr/local/lib/python3.9/site-packages/django/db/migrations/operations/utils.py first seen with mtime 1631003828.25
File /usr/local/lib/python3.9/site-packages/sqlparse/filters/__init__.py first seen with mtime 1631003826.83
File /usr/local/lib/python3.9/lib-dynload/_hashlib.cpython-39-x86_64-linux-gnu.so first seen with mtime 1629215257.0
File /usr/local/lib/python3.9/site-packages/django/views/__init__.py first seen with mtime 1631003828.31
File /usr/local/lib/python3.9/email/_policybase.py first seen with mtime 1629215291.0
File /usr/local/lib/python3.9/site-packages/django/template/base.py first seen with mtime 1631003828.29
File /usr/local/lib/python3.9/site-packages/django/core/files/uploadhandler.py first seen with mtime 1631003828.22
File /usr/local/lib/python3.9/asyncio/staggered.py first seen with mtime 1629215290.0
File /usr/local/lib/python3.9/site-packages/django/contrib/messages/__init__.py first seen with mtime 1631003827.98
File /usr/local/lib/python3.9/functools.py first seen with mtime 1629215285.0
File /usr/local/lib/python3.9/email/feedparser.py first seen with mtime 1629215291.0
File /usr/local/lib/python3.9/lib-dynload/_bisect.cpython-39-x86_64-linux-gnu.so first seen with mtime 1629215247.0
File /usr/local/lib/python3.9/site-packages/django/contrib/admin/filters.py first seen with mtime 1631003827.38
File /usr/local/lib/python3.9/hmac.py first seen with mtime 1629215285.0
File /usr/local/lib/python3.9/site-packages/django/contrib/admin/templatetags/__init__.py first seen with mtime 1631003827.57
File /home/app/application/food/main/__init__.py first seen with mtime 1631010575.58
File /usr/local/lib/python3.9/site-packages/django/contrib/admin/utils.py first seen with mtime 1631003827.38
File /usr/local/lib/python3.9/site-packages/sqlparse/engine/statement_splitter.py first seen with mtime 1631003826.83
File /usr/local/lib/python3.9/site-packages/django/db/models/enums.py first seen with mtime 1631003828.26
File /usr/local/lib/python3.9/pprint.py first seen with mtime 1629215285.0
File /usr/local/lib/python3.9/site-packages/django/contrib/auth/forms.py first seen with mtime 1631003827.64
File /home/app/application/food/main/models/Person.py first seen with mtime 1631087507.6867368
File /usr/local/lib/python3.9/socket.py first seen with mtime 1629215285.0
File /usr/local/lib/python3.9/ssl.py first seen with mtime 1629215285.0
File /usr/local/lib/python3.9/site-packages/django/core/checks/templates.py first seen with mtime 1631003828.22
File /usr/local/lib/python3.9/site-packages/django/db/models/fields/json.py first seen with mtime 1631003828.26
File /usr/local/lib/python3.9/concurrent/futures/thread.py first seen with mtime 1629215291.0
File /usr/local/lib/python3.9/site-packages/django/contrib/sites/shortcuts.py first seen with mtime 1631003828.15
File /usr/local/lib/python3.9/site-packages/django/db/models/query_utils.py first seen with mtime 1631003828.26
File /usr/local/lib/python3.9/site-packages/django/contrib/auth/models.py first seen with mtime 1631003827.64
File /usr/local/lib/python3.9/site-packages/django/db/__init__.py first seen with mtime 1631003828.23
File /usr/local/lib/python3.9/site-packages/sqlparse/filters/tokens.py first seen with mtime 1631003826.83
File /usr/local/lib/python3.9/site-packages/django/db/backends/base/creation.py first seen with mtime 1631003828.24
File /usr/local/lib/python3.9/site-packages/django/views/generic/detail.py first seen with mtime 1631003828.32
File /usr/local/lib/python3.9/asyncio/locks.py first seen with mtime 1629215290.0
File /usr/local/lib/python3.9/site-packages/django/core/checks/security/sessions.py first seen with mtime 1631003828.22
File /usr/local/lib/python3.9/email/_parseaddr.py first seen with mtime 1629215291.0
File /usr/local/lib/python3.9/site-packages/django/contrib/auth/middleware.py first seen with mtime 1631003827.64
File /usr/local/lib/python3.9/json/encoder.py first seen with mtime 1629215292.0
File /usr/local/lib/python3.9/calendar.py first seen with mtime 1629215285.0
File /usr/local/lib/python3.9/site-packages/django/utils/safestring.py first seen with mtime 1631003828.31
File /usr/local/lib/python3.9/site-packages/django/core/__init__.py first seen with mtime 1631003828.21
File /usr/local/lib/python3.9/site-packages/django/db/backends/sqlite3/features.py first seen with mtime 1631003828.25
File /usr/local/lib/python3.9/site-packages/django/views/decorators/cache.py first seen with mtime 1631003828.31
File /usr/local/lib/python3.9/site-packages/django/contrib/auth/__init__.py first seen with mtime 1631003827.64
File /usr/local/lib/python3.9/site-packages/django/template/backends/django.py first seen with mtime 1631003828.29
File /usr/local/lib/python3.9/site-packages/django/urls/exceptions.py first seen with mtime 1631003828.3
File /usr/local/lib/python3.9/site-packages/django/db/utils.py first seen with mtime 1631003828.23
File /usr/local/lib/python3.9/lib-dynload/_lzma.cpython-39-x86_64-linux-gnu.so first seen with mtime 1629215264.0
File /usr/local/lib/python3.9/lib-dynload/_uuid.cpython-39-x86_64-linux-gnu.so first seen with mtime 1629215269.0
File /usr/local/lib/python3.9/email/header.py first seen with mtime 1629215291.0
File /usr/local/lib/python3.9/email/quoprimime.py first seen with mtime 1629215291.0
File /usr/local/lib/python3.9/site-packages/django/core/checks/model_checks.py first seen with mtime 1631003828.21
File /usr/local/lib/python3.9/site-packages/django/contrib/admin/actions.py first seen with mtime 1631003827.38
File /usr/local/lib/python3.9/site-packages/django/core/mail/__init__.py first seen with mtime 1631003828.22
File /usr/local/lib/python3.9/email/generator.py first seen with mtime 1629215291.0
File /usr/local/lib/python3.9/site-packages/django/contrib/admin/exceptions.py first seen with mtime 1631003827.38
File /usr/local/lib/python3.9/site-packages/django/utils/module_loading.py first seen with mtime 1631003828.31
File /usr/local/lib/python3.9/json/decoder.py first seen with mtime 1629215292.0
File /usr/local/lib/python3.9/site-packages/django/utils/baseconv.py first seen with mtime 1631003828.3
File /usr/local/lib/python3.9/copy.py first seen with mtime 1629215285.0
File /usr/local/lib/python3.9/site-packages/sqlparse/filters/others.py first seen with mtime 1631003826.83
File /usr/local/lib/python3.9/site-packages/django/db/models/fields/reverse_related.py first seen with mtime 1631003828.26
File /usr/local/lib/python3.9/signal.py first seen with mtime 1629215285.0
File /usr/local/lib/python3.9/site-packages/django/urls/conf.py first seen with mtime 1631003828.3
File /usr/local/lib/python3.9/unittest/util.py first seen with mtime 1629215294.0
File /usr/local/lib/python3.9/site-packages/django/db/backends/base/__init__.py first seen with mtime 1631003828.23
File /usr/local/lib/python3.9/http/client.py first seen with mtime 1629215292.0
File /usr/local/lib/python3.9/lib-dynload/array.cpython-39-x86_64-linux-gnu.so first seen with mtime 1629215245.0
File /usr/local/lib/python3.9/email/_encoded_words.py first seen with mtime 1629215291.0
File /usr/local/lib/python3.9/site-packages/django/db/migrations/migration.py first seen with mtime 1631003828.25
File /usr/local/lib/python3.9/site-packages/django/contrib/sessions/apps.py first seen with mtime 1631003828.09
File /usr/local/lib/python3.9/json/__init__.py first seen with mtime 1629215292.0
File /usr/local/lib/python3.9/site-packages/django/utils/encoding.py first seen with mtime 1631003828.3
File /usr/local/lib/python3.9/html/parser.py first seen with mtime 1629215292.0
File /usr/local/lib/python3.9/unittest/runner.py first seen with mtime 1629215294.0
File /usr/local/lib/python3.9/lib-dynload/_heapq.cpython-39-x86_64-linux-gnu.so first seen with mtime 1629215247.0
File /usr/local/lib/python3.9/pkgutil.py first seen with mtime 1629215285.0
File /usr/local/lib/python3.9/site-packages/django/db/models/functions/text.py first seen with mtime 1631003828.26
File /usr/local/lib/python3.9/site-packages/django/urls/base.py first seen with mtime 1631003828.3
File /usr/local/lib/python3.9/site-packages/asgiref/compatibility.py first seen with mtime 1631003827.12
File /usr/local/lib/python3.9/site-packages/pytz/lazy.py first seen with mtime 1631003826.9
File /usr/local/lib/python3.9/site-packages/django/db/backends/base/validation.py first seen with mtime 1631003828.24
File /usr/local/lib/python3.9/site-packages/django/contrib/admin/views/autocomplete.py first seen with mtime 1631003827.57
File /usr/local/lib/python3.9/site-packages/django/core/serializers/__init__.py first seen with mtime 1631003828.23
File /usr/local/lib/python3.9/site-packages/django/db/models/fields/related_lookups.py first seen with mtime 1631003828.26
File /usr/local/lib/python3.9/_sitebuiltins.py first seen with mtime 1629215285.0
File /usr/local/lib/python3.9/site-packages/django/conf/urls/__init__.py first seen with mtime 1631003827.38
File /usr/local/lib/python3.9/site-packages/django/db/migrations/operations/base.py first seen with mtime 1631003828.25
File /usr/local/lib/python3.9/site-packages/django/db/backends/base/features.py first seen with mtime 1631003828.24
File /usr/local/lib/python3.9/site-packages/django/db/models/__init__.py first seen with mtime 1631003828.25
File /usr/local/lib/python3.9/asyncio/trsock.py first seen with mtime 1629215290.0
File /usr/local/lib/python3.9/codecs.py first seen with mtime 1629215285.0
File /usr/local/lib/python3.9/site-packages/django/http/request.py first seen with mtime 1631003828.28
File /usr/local/lib/python3.9/site-packages/django/views/csrf.py first seen with mtime 1631003828.31
File /usr/local/lib/python3.9/fnmatch.py first seen with mtime 1629215285.0
File /usr/local/lib/python3.9/site-packages/django/contrib/contenttypes/forms.py first seen with mtime 1631003827.72
File /usr/local/lib/python3.9/site-packages/django/utils/lorem_ipsum.py first seen with mtime 1631003828.31
File /usr/local/lib/python3.9/site-packages/django/urls/converters.py first seen with mtime 1631003828.3
File /usr/local/lib/python3.9/site-packages/django/contrib/admin/options.py first seen with mtime 1631003827.38
File /usr/local/lib/python3.9/site-packages/sqlparse/formatter.py first seen with mtime 1631003826.82
File /usr/local/lib/python3.9/site-packages/django/contrib/contenttypes/models.py first seen with mtime 1631003827.72
File /usr/local/lib/python3.9/http/__init__.py first seen with mtime 1629215292.0
File /usr/local/lib/python3.9/linecache.py first seen with mtime 1629215285.0
File /usr/local/lib/python3.9/site-packages/django/db/models/utils.py first seen with mtime 1631003828.26
File /usr/local/lib/python3.9/posixpath.py first seen with mtime 1629215285.0
File /usr/local/lib/python3.9/asyncio/tasks.py first seen with mtime 1629215290.0
File /usr/local/lib/python3.9/email/mime/text.py first seen with mtime 1629215292.0
File /usr/local/lib/python3.9/site-packages/django/core/checks/database.py first seen with mtime 1631003828.21
File /usr/local/lib/python3.9/site-packages/django/utils/connection.py first seen with mtime 1631003828.3
File /usr/local/lib/python3.9/site-packages/django/contrib/messages/api.py first seen with mtime 1631003827.98
File /usr/local/lib/python3.9/site-packages/django/template/backends/__init__.py first seen with mtime 1631003828.29
File /usr/local/lib/python3.9/random.py first seen with mtime 1629215285.0
File /usr/local/lib/python3.9/site-packages/django/core/files/utils.py first seen with mtime 1631003828.22
File /usr/local/lib/python3.9/site-packages/django/db/models/functions/mixins.py first seen with mtime 1631003828.26
File /usr/local/lib/python3.9/site-packages/django/forms/widgets.py first seen with mtime 1631003828.27
File /usr/local/lib/python3.9/site-packages/django/views/decorators/common.py first seen with mtime 1631003828.31
File /usr/local/lib/python3.9/site-packages/django/forms/formsets.py first seen with mtime 1631003828.27
File /usr/local/lib/python3.9/lib-dynload/termios.cpython-39-x86_64-linux-gnu.so first seen with mtime 1629215259.0
File /usr/local/lib/python3.9/site-packages/django/db/models/sql/constants.py first seen with mtime 1631003828.27
File /usr/local/lib/python3.9/_compat_pickle.py first seen with mtime 1629215285.0
File /usr/local/lib/python3.9/site-packages/django/contrib/admin/templatetags/admin_modify.py first seen with mtime 1631003827.57
File /usr/local/lib/python3.9/site-packages/django/core/cache/backends/filebased.py first seen with mtime 1631003828.21
File /usr/local/lib/python3.9/site-packages/django/db/models/manager.py first seen with mtime 1631003828.26
File /usr/local/lib/python3.9/site-packages/django/views/generic/base.py first seen with mtime 1631003828.32
File /usr/local/lib/python3.9/stat.py first seen with mtime 1629215285.0
File /usr/local/lib/python3.9/unittest/signals.py first seen with mtime 1629215294.0
File /usr/local/lib/python3.9/wsgiref/handlers.py first seen with mtime 1629215292.0
File /usr/local/lib/python3.9/wsgiref/simple_server.py first seen with mtime 1629215292.0
File /usr/local/lib/python3.9/email/mime/multipart.py first seen with mtime 1629215292.0
File /usr/local/lib/python3.9/site-packages/django/conf/__init__.py first seen with mtime 1631003827.24
File /usr/local/lib/python3.9/fractions.py first seen with mtime 1629215285.0
File /usr/local/lib/python3.9/site-packages/django/utils/datetime_safe.py first seen with mtime 1631003828.3
File /usr/local/lib/python3.9/contextvars.py first seen with mtime 1629215285.0
File /home/app/application/food/food/urls.py first seen with mtime 1631025813.69
File /usr/local/lib/python3.9/importlib/__init__.py first seen with mtime 1629215289.0
File /usr/local/lib/python3.9/sre_parse.py first seen with mtime 1629215285.0
File /usr/local/lib/python3.9/site-packages/django/utils/numberformat.py first seen with mtime 1631003828.31
File /usr/local/lib/python3.9/site-packages/django/contrib/admin/views/__init__.py first seen with mtime 1631003827.57
File /usr/local/lib/python3.9/site-packages/django/utils/regex_helper.py first seen with mtime 1631003828.31
File /usr/local/lib/python3.9/site-packages/django/utils/timesince.py first seen with mtime 1631003828.31
File /usr/local/lib/python3.9/site-packages/django/db/backends/ddl_references.py first seen with mtime 1631003828.23
File /usr/local/lib/python3.9/keyword.py first seen with mtime 1629215285.0
File /home/app/application/food/main/admin.py first seen with mtime 1631093297.1767368
File /usr/local/lib/python3.9/site-packages/django/contrib/messages/apps.py first seen with mtime 1631003827.98
File /usr/local/lib/python3.9/lib-dynload/_struct.cpython-39-x86_64-linux-gnu.so first seen with mtime 1629215245.0
File /usr/local/lib/python3.9/encodings/utf_8.py first seen with mtime 1629215291.0
File /usr/local/lib/python3.9/site-packages/django/utils/itercompat.py first seen with mtime 1631003828.31
File /home/app/application/food/main/apps.py first seen with mtime 1631010575.58
File /usr/local/lib/python3.9/argparse.py first seen with mtime 1629215285.0
File /usr/local/lib/python3.9/genericpath.py first seen with mtime 1629215285.0
File /usr/local/lib/python3.9/heapq.py first seen with mtime 1629215285.0
File /usr/local/lib/python3.9/_compression.py first seen with mtime 1629215285.0
File /usr/local/lib/python3.9/site-packages/django/core/servers/basehttp.py first seen with mtime 1631003828.23
File /usr/local/lib/python3.9/inspect.py first seen with mtime 1629215285.0
File /home/app/application/food/main/models/Ingredient.py first seen with mtime 1631020141.39
File /usr/local/lib/python3.9/site-packages/django/db/models/fields/mixins.py first seen with mtime 1631003828.26
File /usr/local/lib/python3.9/site-packages/django/db/migrations/operations/fields.py first seen with mtime 1631003828.25
File /usr/local/lib/python3.9/email/iterators.py first seen with mtime 1629215291.0
File /usr/local/lib/python3.9/site-packages/django/contrib/auth/password_validation.py first seen with mtime 1631003827.64
File /usr/local/lib/python3.9/asyncio/base_tasks.py first seen with mtime 1629215290.0
File /usr/local/lib/python3.9/subprocess.py first seen with mtime 1629215285.0
File /usr/local/lib/python3.9/site-packages/django/db/backends/sqlite3/introspection.py first seen with mtime 1631003828.25
File /usr/local/lib/python3.9/logging/handlers.py first seen with mtime 1629215292.0
File /usr/local/lib/python3.9/site-packages/django/core/checks/security/csrf.py first seen with mtime 1631003828.22
File /home/app/application/food/main/models/Unit.py first seen with mtime 1631020318.57
File /usr/local/lib/python3.9/site-packages/django/utils/termcolors.py first seen with mtime 1631003828.31
File /usr/local/lib/python3.9/site-packages/django/contrib/staticfiles/views.py first seen with mtime 1631003828.21
File /usr/local/lib/python3.9/site-packages/django/contrib/admin/views/main.py first seen with mtime 1631003827.57
File /usr/local/lib/python3.9/secrets.py first seen with mtime 1629215285.0
File /usr/local/lib/python3.9/tokenize.py first seen with mtime 1629215285.0
File /usr/local/lib/python3.9/site-packages/django/contrib/auth/admin.py first seen with mtime 1631003827.64
File /usr/local/lib/python3.9/site-packages/django/contrib/auth/apps.py first seen with mtime 1631003827.64
File /usr/local/lib/python3.9/site-packages/django/db/migrations/operations/__init__.py first seen with mtime 1631003828.25
File /usr/local/lib/python3.9/site-packages/django/core/checks/security/base.py first seen with mtime 1631003828.22
File /usr/local/lib/python3.9/asyncio/format_helpers.py first seen with mtime 1629215290.0
File /usr/local/lib/python3.9/selectors.py first seen with mtime 1629215285.0
File /usr/local/lib/python3.9/lib-dynload/_posixsubprocess.cpython-39-x86_64-linux-gnu.so first seen with mtime 1629215253.0
File /usr/local/lib/python3.9/site-packages/django/core/cache/backends/base.py first seen with mtime 1631003828.21
File /usr/local/lib/python3.9/reprlib.py first seen with mtime 1629215285.0
File /usr/local/lib/python3.9/site-packages/django/utils/asyncio.py first seen with mtime 1631003828.3
File /usr/local/lib/python3.9/site-packages/django/core/cache/backends/locmem.py first seen with mtime 1631003828.21
File /usr/local/lib/python3.9/site-packages/django/db/migrations/operations/special.py first seen with mtime 1631003828.25
File /usr/local/lib/python3.9/site-packages/django/db/models/sql/where.py first seen with mtime 1631003828.27
File /usr/local/lib/python3.9/site-packages/django/core/serializers/base.py first seen with mtime 1631003828.23
File /usr/local/lib/python3.9/site-packages/django/db/models/options.py first seen with mtime 1631003828.26
File /usr/local/lib/python3.9/site-packages/asgiref/local.py first seen with mtime 1631003827.12
File /usr/local/lib/python3.9/struct.py first seen with mtime 1629215285.0
File /usr/local/lib/python3.9/lib-dynload/_socket.cpython-39-x86_64-linux-gnu.so first seen with mtime 1629215256.0
File /usr/local/lib/python3.9/site-packages/django/db/models/base.py first seen with mtime 1631003828.25
File /usr/local/lib/python3.9/base64.py first seen with mtime 1629215285.0
File /home/app/application/food/main/view/recipe/list.py first seen with mtime 1631024297.61
File /usr/local/lib/python3.9/site-packages/django/utils/duration.py first seen with mtime 1631003828.3
File /usr/local/lib/python3.9/socketserver.py first seen with mtime 1629215285.0
File /usr/local/lib/python3.9/site-packages/django/utils/http.py first seen with mtime 1631003828.31
File /usr/local/lib/python3.9/site-packages/django/views/decorators/__init__.py first seen with mtime 1631003828.31
File /usr/local/lib/python3.9/site-packages/django/contrib/contenttypes/checks.py first seen with mtime 1631003827.72
File /usr/local/lib/python3.9/distutils/version.py first seen with mtime 1629215293.0
File /usr/local/lib/python3.9/site-packages/django/utils/cache.py first seen with mtime 1631003828.3
File /usr/local/lib/python3.9/site-packages/django/contrib/staticfiles/apps.py first seen with mtime 1631003828.21
File /usr/local/lib/python3.9/site-packages/django/core/files/base.py first seen with mtime 1631003828.22
File /usr/local/lib/python3.9/_weakrefset.py first seen with mtime 1629215285.0
File /usr/local/lib/python3.9/site-packages/django/db/backends/base/introspection.py first seen with mtime 1631003828.24
File /usr/local/lib/python3.9/email/mime/nonmultipart.py first seen with mtime 1629215292.0
File /usr/local/lib/python3.9/site-packages/django/utils/dateformat.py first seen with mtime 1631003828.3
File /usr/local/lib/python3.9/site-packages/django/utils/functional.py first seen with mtime 1631003828.31
File /usr/local/lib/python3.9/site-packages/django/views/generic/__init__.py first seen with mtime 1631003828.32
File /usr/local/lib/python3.9/unittest/result.py first seen with mtime 1629215294.0
File /usr/local/lib/python3.9/bisect.py first seen with mtime 1629215285.0
File /usr/local/lib/python3.9/site-packages/django/db/models/functions/window.py first seen with mtime 1631003828.26
File /usr/local/lib/python3.9/asyncio/constants.py first seen with mtime 1629215290.0
File /usr/local/lib/python3.9/site-packages/django/core/checks/urls.py first seen with mtime 1631003828.22
File /usr/local/lib/python3.9/asyncio/queues.py first seen with mtime 1629215290.0
File /usr/local/lib/python3.9/site-packages/django/template/backends/base.py first seen with mtime 1631003828.29
File /usr/local/lib/python3.9/shutil.py first seen with mtime 1629215285.0
File /usr/local/lib/python3.9/site-packages/django/contrib/staticfiles/handlers.py first seen with mtime 1631003828.21
File /usr/local/lib/python3.9/site-packages/django/core/handlers/base.py first seen with mtime 1631003828.22
File /usr/local/lib/python3.9/site-packages/django/contrib/admin/sites.py first seen with mtime 1631003827.38
File /usr/local/lib/python3.9/lib-dynload/_contextvars.cpython-39-x86_64-linux-gnu.so first seen with mtime 1629215244.0
File /usr/local/lib/python3.9/gettext.py first seen with mtime 1629215285.0
File /usr/local/lib/python3.9/asyncio/base_subprocess.py first seen with mtime 1629215290.0
File /home/app/application/food/main/view/__init__.py first seen with mtime 1631020658.25
File /usr/local/lib/python3.9/site-packages/django/core/files/move.py first seen with mtime 1631003828.22
File /usr/local/lib/python3.9/email/encoders.py first seen with mtime 1629215291.0
File /usr/local/lib/python3.9/lzma.py first seen with mtime 1629215285.0
File /usr/local/lib/python3.9/site-packages/django/middleware/cache.py first seen with mtime 1631003828.29
File /usr/local/lib/python3.9/wsgiref/util.py first seen with mtime 1629215292.0
File /usr/local/lib/python3.9/lib-dynload/_queue.cpython-39-x86_64-linux-gnu.so first seen with mtime 1629215251.0
File /usr/local/lib/python3.9/site-packages/asgiref/sync.py first seen with mtime 1631003827.12
File /usr/local/lib/python3.9/asyncio/streams.py first seen with mtime 1629215290.0
File /usr/local/lib/python3.9/site-packages/django/contrib/contenttypes/admin.py first seen with mtime 1631003827.71
File /usr/local/lib/python3.9/site-packages/django/core/validators.py first seen with mtime 1631003828.21
File /usr/local/lib/python3.9/site-packages/django/contrib/auth/validators.py first seen with mtime 1631003827.65
File /usr/local/lib/python3.9/site-packages/django/utils/deprecation.py first seen with mtime 1631003828.3
File /usr/local/lib/python3.9/io.py first seen with mtime 1629215285.0
File /usr/local/lib/python3.9/site-packages/django/db/models/functions/math.py first seen with mtime 1631003828.26
File /usr/local/lib/python3.9/encodings/__init__.py first seen with mtime 1629215291.0
File /usr/local/lib/python3.9/uuid.py first seen with mtime 1629215285.0
File /usr/local/lib/python3.9/urllib/parse.py first seen with mtime 1629215292.0
File /usr/local/lib/python3.9/site-packages/sqlparse/tokens.py first seen with mtime 1631003826.83
File /usr/local/lib/python3.9/site-packages/asgiref/current_thread_executor.py first seen with mtime 1631003827.12
File /usr/local/lib/python3.9/unittest/main.py first seen with mtime 1629215294.0
File /usr/local/lib/python3.9/site-packages/django/core/checks/security/__init__.py first seen with mtime 1631003828.22
File /usr/local/lib/python3.9/statistics.py first seen with mtime 1629215285.0
File /usr/local/lib/python3.9/lib-dynload/_blake2.cpython-39-x86_64-linux-gnu.so first seen with mtime 1629215266.0
File /usr/local/lib/python3.9/site-packages/sqlparse/filters/output.py first seen with mtime 1631003826.83
File /usr/local/lib/python3.9/site-packages/django/core/cache/backends/__init__.py first seen with mtime 1631003828.21
File /usr/local/lib/python3.9/site-packages/django/core/checks/async_checks.py first seen with mtime 1631003828.21
File /usr/local/lib/python3.9/site-packages/django/db/models/indexes.py first seen with mtime 1631003828.26
File /usr/local/lib/python3.9/site-packages/django/db/models/fields/related.py first seen with mtime 1631003828.26
File /usr/local/lib/python3.9/email/headerregistry.py first seen with mtime 1629215291.0
File /usr/local/lib/python3.9/unittest/loader.py first seen with mtime 1629215294.0
File /usr/local/lib/python3.9/site-packages/django/db/backends/signals.py first seen with mtime 1631003828.23
File /usr/local/lib/python3.9/site-packages/django/db/models/expressions.py first seen with mtime 1631003828.26
File /usr/local/lib/python3.9/site-packages/django/contrib/contenttypes/fields.py first seen with mtime 1631003827.72
File /usr/local/lib/python3.9/site-packages/django/core/checks/translation.py first seen with mtime 1631003828.22
File /usr/local/lib/python3.9/site-packages/django/db/models/query.py first seen with mtime 1631003828.26
File /usr/local/lib/python3.9/site-packages/pytz/tzfile.py first seen with mtime 1631003826.9
File /usr/local/lib/python3.9/site-packages/django/contrib/messages/storage/__init__.py first seen with mtime 1631003827.99
File /usr/local/lib/python3.9/site-packages/django/db/models/sql/subqueries.py first seen with mtime 1631003828.27
File /usr/local/lib/python3.9/site-packages/django/contrib/__init__.py first seen with mtime 1631003827.38
File /usr/local/lib/python3.9/site-packages/django/contrib/contenttypes/management/__init__.py first seen with mtime 1631003827.77
File /usr/local/lib/python3.9/site-packages/django/views/decorators/csrf.py first seen with mtime 1631003828.32
File /usr/local/lib/python3.9/gzip.py first seen with mtime 1629215285.0
File /usr/local/lib/python3.9/site-packages/sqlparse/exceptions.py first seen with mtime 1631003826.82
File /usr/local/lib/python3.9/site-packages/django/db/models/sql/__init__.py first seen with mtime 1631003828.26
File /usr/local/lib/python3.9/site-packages/django/core/files/__init__.py first seen with mtime 1631003828.22
File /usr/local/lib/python3.9/decimal.py first seen with mtime 1629215285.0
File /usr/local/lib/python3.9/site-packages/django/db/models/aggregates.py first seen with mtime 1631003828.25
File /home/app/application/food/main/templates/recipe first seen with mtime 1631025464.01
File /home/app/application/food/main/templates/index.html first seen with mtime 1631021107.89
File /home/app/application/food/main/templates/recipe/create.html first seen with mtime 1631025807.33
File /home/app/application/food/main/templates/recipe/list.html first seen with mtime 1631025039.95
File /home/app/application/food/main/templates/recipe/detail.html first seen with mtime 1631024279.61
File /usr/local/lib/python3.9/site-packages/django/middleware/common.py first seen with mtime 1631003828.29
File /usr/local/lib/python3.9/site-packages/django/db/migrations/graph.py first seen with mtime 1631003828.25
File /usr/local/lib/python3.9/site-packages/django/contrib/admin/migrations/0003_logentry_add_action_flag_choices.py first seen with mtime 1631003827.52
File /usr/local/lib/python3.9/site-packages/django/contrib/auth/migrations/0011_update_proxy_permissions.py first seen with mtime 1631003827.71
File /usr/local/lib/python3.9/stringprep.py first seen with mtime 1629215285.0
File /home/app/application/food/main/migrations/0004_recipeingredientunit.py first seen with mtime 1631017826.93
File /usr/local/lib/python3.9/site-packages/django/contrib/auth/migrations/0004_alter_user_username_opts.py first seen with mtime 1631003827.71
File /usr/local/lib/python3.9/site-packages/django/contrib/sessions/exceptions.py first seen with mtime 1631003828.09
File /usr/local/lib/python3.9/site-packages/django/db/models/sql/compiler.py first seen with mtime 1631003828.27
File /home/app/application/food/main/migrations/0007_alter_phone_person.py first seen with mtime 1631086919.4067369
File /usr/local/lib/python3.9/encodings/idna.py first seen with mtime 1629215291.0
File /usr/local/lib/python3.9/site-packages/django/contrib/auth/migrations/0007_alter_validators_add_error_messages.py first seen with mtime 1631003827.71
File /usr/local/lib/python3.9/site-packages/django/contrib/contenttypes/migrations/0002_remove_content_type_name.py first seen with mtime 1631003827.77
File /usr/local/lib/python3.9/site-packages/django/contrib/sessions/migrations/0001_initial.py first seen with mtime 1631003828.14
File /home/app/application/food/main/migrations/0003_ingredient_unit.py first seen with mtime 1631016650.61
File /usr/local/lib/python3.9/site-packages/django/contrib/sessions/migrations/__init__.py first seen with mtime 1631003828.14
File /usr/local/lib/python3.9/site-packages/django/contrib/auth/migrations/0012_alter_user_first_name_max_length.py first seen with mtime 1631003827.71
File /usr/local/lib/python3.9/site-packages/django/contrib/auth/migrations/0001_initial.py first seen with mtime 1631003827.71
File /usr/local/lib/python3.9/site-packages/django/contrib/auth/migrations/__init__.py first seen with mtime 1631003827.71
File /home/app/application/food/food/wsgi.py first seen with mtime 1631004264.49
File /home/app/application/food/main/migrations/0002_auto_20210907_1041.py first seen with mtime 1631011316.07
File /usr/local/lib/python3.9/site-packages/django/contrib/messages/middleware.py first seen with mtime 1631003827.98
File /usr/local/lib/python3.9/site-packages/django/contrib/sessions/backends/db.py first seen with mtime 1631003828.09
File /home/app/application/food/main/migrations/0006_address_person_phone.py first seen with mtime 1631086010.346737
File /usr/local/lib/python3.9/site-packages/django/db/migrations/recorder.py first seen with mtime 1631003828.25
File /usr/local/lib/python3.9/site-packages/django/contrib/contenttypes/migrations/0001_initial.py first seen with mtime 1631003827.77
File /usr/local/lib/python3.9/site-packages/django/contrib/admin/migrations/0001_initial.py first seen with mtime 1631003827.52
File /usr/local/lib/python3.9/site-packages/django/contrib/contenttypes/migrations/__init__.py first seen with mtime 1631003827.77
File /home/app/application/food/main/migrations/0001_initial.py first seen with mtime 1631010630.9
File /usr/local/lib/python3.9/site-packages/django/contrib/auth/migrations/0003_alter_user_email_max_length.py first seen with mtime 1631003827.71
File /usr/local/lib/python3.9/site-packages/django/contrib/admin/migrations/__init__.py first seen with mtime 1631003827.52
File /home/app/application/food/main/migrations/0005_rename_ingrdient_recipeingredientunit_ingredient.py first seen with mtime 1631017991.66
File /home/app/application/food/main/migrations/__init__.py first seen with mtime 1631010575.59
File /usr/local/lib/python3.9/site-packages/django/contrib/auth/migrations/0008_alter_user_username_max_length.py first seen with mtime 1631003827.71
File /usr/local/lib/python3.9/site-packages/django/db/migrations/loader.py first seen with mtime 1631003828.25
File /usr/local/lib/python3.9/site-packages/django/middleware/clickjacking.py first seen with mtime 1631003828.29
File /usr/local/lib/python3.9/site-packages/django/db/migrations/executor.py first seen with mtime 1631003828.25
File /usr/local/lib/python3.9/site-packages/django/contrib/auth/migrations/0005_alter_user_last_login_null.py first seen with mtime 1631003827.71
File /usr/local/lib/python3.9/site-packages/django/contrib/auth/migrations/0010_alter_group_name_max_length.py first seen with mtime 1631003827.71
File /usr/local/lib/python3.9/site-packages/django/contrib/auth/migrations/0009_alter_user_last_name_max_length.py first seen with mtime 1631003827.71
File /usr/local/lib/python3.9/site-packages/django/contrib/auth/migrations/0006_require_contenttypes_0002.py first seen with mtime 1631003827.71
File /usr/local/lib/python3.9/site-packages/django/contrib/auth/migrations/0002_alter_permission_name_max_length.py first seen with mtime 1631003827.71
File /usr/local/lib/python3.9/site-packages/django/contrib/admin/migrations/0002_logentry_remove_auto_add.py first seen with mtime 1631003827.52
"GET / HTTP/1.1" 200 146
Exception while resolving variable 'name' in template 'unknown'.
Traceback (most recent call last):
  File "/usr/local/lib/python3.9/site-packages/django/core/handlers/exception.py", line 47, in inner
    response = get_response(request)
  File "/usr/local/lib/python3.9/site-packages/django/core/handlers/base.py", line 167, in _get_response
    callback, callback_args, callback_kwargs = self.resolve_request(request)
  File "/usr/local/lib/python3.9/site-packages/django/core/handlers/base.py", line 290, in resolve_request
    resolver_match = resolver.resolve(request.path_info)
  File "/usr/local/lib/python3.9/site-packages/django/urls/resolvers.py", line 585, in resolve
    raise Resolver404({'tried': tried, 'path': new_path})
django.urls.exceptions.Resolver404: {'tried': [[<URLResolver <URLPattern list> (admin:admin) 'admin/'>], [<URLPattern ''>], [<URLPattern 'recipes' [name='recipe_list']>], [<URLPattern 'recipe/<int:pk>' [name='recipe_detail']>], [<URLPattern 'recipe' [name='recipe_create']>]], 'path': 'favicon.ico'}

During handling of the above exception, another exception occurred:

Traceback (most recent call last):
  File "/usr/local/lib/python3.9/site-packages/django/template/base.py", line 829, in _resolve_lookup
    current = current[bit]
TypeError: 'URLResolver' object is not subscriptable

During handling of the above exception, another exception occurred:

Traceback (most recent call last):
  File "/usr/local/lib/python3.9/site-packages/django/template/base.py", line 837, in _resolve_lookup
    current = getattr(current, bit)
AttributeError: 'URLResolver' object has no attribute 'name'

During handling of the above exception, another exception occurred:

Traceback (most recent call last):
  File "/usr/local/lib/python3.9/site-packages/django/template/base.py", line 843, in _resolve_lookup
    current = current[int(bit)]
ValueError: invalid literal for int() with base 10: 'name'

During handling of the above exception, another exception occurred:

Traceback (most recent call last):
  File "/usr/local/lib/python3.9/site-packages/django/template/base.py", line 848, in _resolve_lookup
    raise VariableDoesNotExist("Failed lookup for key "
django.template.base.VariableDoesNotExist: Failed lookup for key [name] in <URLResolver <URLPattern list> (admin:admin) 'admin/'>
Not Found: /favicon.ico
"GET /favicon.ico HTTP/1.1" 404 2606
File /usr/local/lib/python3.9/site-packages/django/contrib/messages/storage/cookie.py first seen with mtime 1631003827.99
File /usr/local/lib/python3.9/site-packages/django/contrib/messages/utils.py first seen with mtime 1631003827.98
File /usr/local/lib/python3.9/site-packages/django/contrib/auth/context_processors.py first seen with mtime 1631003827.64
File /usr/local/lib/python3.9/site-packages/django/contrib/sessions/serializers.py first seen with mtime 1631003828.09
File /usr/local/lib/python3.9/site-packages/django/template/context_processors.py first seen with mtime 1631003828.29
File /usr/local/lib/python3.9/site-packages/django/contrib/messages/storage/fallback.py first seen with mtime 1631003827.99
File /usr/local/lib/python3.9/site-packages/django/contrib/messages/storage/base.py first seen with mtime 1631003827.99
File /usr/local/lib/python3.9/site-packages/django/contrib/messages/context_processors.py first seen with mtime 1631003827.98
File /usr/local/lib/python3.9/site-packages/django/contrib/messages/storage/session.py first seen with mtime 1631003827.99
(0.002) SELECT "django_session"."session_key", "django_session"."session_data", "django_session"."expire_date" FROM "django_session" WHERE ("django_session"."expire_date" > '2021-09-08 09:29:37.876226' AND "django_session"."session_key" = 'lo83icnmfkzogy8nbj0q2ogs38cjb7p5') LIMIT 21; args=('2021-09-08 09:29:37.876226', 'lo83icnmfkzogy8nbj0q2ogs38cjb7p5')
(0.000) SELECT "auth_user"."id", "auth_user"."password", "auth_user"."last_login", "auth_user"."is_superuser", "auth_user"."username", "auth_user"."first_name", "auth_user"."last_name", "auth_user"."email", "auth_user"."is_staff", "auth_user"."is_active", "auth_user"."date_joined" FROM "auth_user" WHERE "auth_user"."id" = 1 LIMIT 21; args=(1,)
(0.000) SELECT "django_admin_log"."id", "django_admin_log"."action_time", "django_admin_log"."user_id", "django_admin_log"."content_type_id", "django_admin_log"."object_id", "django_admin_log"."object_repr", "django_admin_log"."action_flag", "django_admin_log"."change_message", "auth_user"."id", "auth_user"."password", "auth_user"."last_login", "auth_user"."is_superuser", "auth_user"."username", "auth_user"."first_name", "auth_user"."last_name", "auth_user"."email", "auth_user"."is_staff", "auth_user"."is_active", "auth_user"."date_joined", "django_content_type"."id", "django_content_type"."app_label", "django_content_type"."model" FROM "django_admin_log" INNER JOIN "auth_user" ON ("django_admin_log"."user_id" = "auth_user"."id") LEFT OUTER JOIN "django_content_type" ON ("django_admin_log"."content_type_id" = "django_content_type"."id") WHERE "django_admin_log"."user_id" = 1 ORDER BY "django_admin_log"."action_time" DESC LIMIT 10; args=(1,)
(0.002) SELECT "django_session"."session_key", "django_session"."session_data", "django_session"."expire_date" FROM "django_session" WHERE ("django_session"."expire_date" > '2021-09-08 09:30:15.373603' AND "django_session"."session_key" = 'lo83icnmfkzogy8nbj0q2ogs38cjb7p5') LIMIT 21; args=('2021-09-08 09:30:15.373603', 'lo83icnmfkzogy8nbj0q2ogs38cjb7p5')
(0.000) SELECT "auth_user"."id", "auth_user"."password", "auth_user"."last_login", "auth_user"."is_superuser", "auth_user"."username", "auth_user"."first_name", "auth_user"."last_name", "auth_user"."email", "auth_user"."is_staff", "auth_user"."is_active", "auth_user"."date_joined" FROM "auth_user" WHERE "auth_user"."id" = 1 LIMIT 21; args=(1,)
(0.000) SELECT "django_admin_log"."id", "django_admin_log"."action_time", "django_admin_log"."user_id", "django_admin_log"."content_type_id", "django_admin_log"."object_id", "django_admin_log"."object_repr", "django_admin_log"."action_flag", "django_admin_log"."change_message", "auth_user"."id", "auth_user"."password", "auth_user"."last_login", "auth_user"."is_superuser", "auth_user"."username", "auth_user"."first_name", "auth_user"."last_name", "auth_user"."email", "auth_user"."is_staff", "auth_user"."is_active", "auth_user"."date_joined", "django_content_type"."id", "django_content_type"."app_label", "django_content_type"."model" FROM "django_admin_log" INNER JOIN "auth_user" ON ("django_admin_log"."user_id" = "auth_user"."id") LEFT OUTER JOIN "django_content_type" ON ("django_admin_log"."content_type_id" = "django_content_type"."id") WHERE "django_admin_log"."user_id" = 1 ORDER BY "django_admin_log"."action_time" DESC LIMIT 10; args=(1,)
Watching for file changes with StatReloader
Waiting for apps ready_event.
Main Django thread has terminated before apps are ready.
Apps ready_event triggered. Sending autoreload_started signal.
Watching dir /home/app/application/food/locale with glob **/*.mo.
File /usr/local/lib/python3.9/site-packages/django/contrib/admin/sites.py first seen with mtime 1631003827.38
File /usr/local/lib/python3.9/site-packages/django/utils/itercompat.py first seen with mtime 1631003828.31
File /usr/local/lib/python3.9/wsgiref/simple_server.py first seen with mtime 1629215292.0
File /usr/local/lib/python3.9/lib-dynload/_datetime.cpython-39-x86_64-linux-gnu.so first seen with mtime 1629215249.0
File /usr/local/lib/python3.9/site-packages/django/urls/exceptions.py first seen with mtime 1631003828.3
File /usr/local/lib/python3.9/numbers.py first seen with mtime 1629215285.0
File /usr/local/lib/python3.9/site-packages/django/utils/dateparse.py first seen with mtime 1631003828.3
File /usr/local/lib/python3.9/lzma.py first seen with mtime 1629215285.0
File /usr/local/lib/python3.9/importlib/machinery.py first seen with mtime 1629215290.0
File /usr/local/lib/python3.9/email/quoprimime.py first seen with mtime 1629215291.0
File /usr/local/lib/python3.9/lib-dynload/_hashlib.cpython-39-x86_64-linux-gnu.so first seen with mtime 1629215257.0
File /usr/local/lib/python3.9/site-packages/django/template/loader_tags.py first seen with mtime 1631003828.29
File /usr/local/lib/python3.9/io.py first seen with mtime 1629215285.0
File /usr/local/lib/python3.9/gettext.py first seen with mtime 1629215285.0
File /usr/local/lib/python3.9/site-packages/django/db/migrations/operations/base.py first seen with mtime 1631003828.25
File /usr/local/lib/python3.9/email/feedparser.py first seen with mtime 1629215291.0
File /usr/local/lib/python3.9/lib-dynload/unicodedata.cpython-39-x86_64-linux-gnu.so first seen with mtime 1629215251.0
File /usr/local/lib/python3.9/asyncio/staggered.py first seen with mtime 1629215290.0
File /usr/local/lib/python3.9/unittest/runner.py first seen with mtime 1629215294.0
File /usr/local/lib/python3.9/site-packages/django/db/models/functions/text.py first seen with mtime 1631003828.26
File /usr/local/lib/python3.9/site-packages/django/core/serializers/__init__.py first seen with mtime 1631003828.23
File /home/app/application/food/main/view/index.py first seen with mtime 1631020927.3
File /usr/local/lib/python3.9/asyncio/queues.py first seen with mtime 1629215290.0
File /usr/local/lib/python3.9/contextlib.py first seen with mtime 1629215285.0
File /usr/local/lib/python3.9/site-packages/django/core/cache/__init__.py first seen with mtime 1631003828.21
File /usr/local/lib/python3.9/site-packages/django/db/backends/ddl_references.py first seen with mtime 1631003828.23
File /home/app/application/food/main/models/__init__.py first seen with mtime 1631020400.74
File /usr/local/lib/python3.9/lib-dynload/_queue.cpython-39-x86_64-linux-gnu.so first seen with mtime 1629215251.0
File /usr/local/lib/python3.9/site-packages/django/contrib/contenttypes/fields.py first seen with mtime 1631003827.72
File /home/app/application/food/main/forms/Recipe.py first seen with mtime 1631027064.64
File /usr/local/lib/python3.9/site-packages/django/views/decorators/debug.py first seen with mtime 1631003828.32
File /usr/local/lib/python3.9/contextvars.py first seen with mtime 1629215285.0
File /usr/local/lib/python3.9/asyncio/events.py first seen with mtime 1629215290.0
File /usr/local/lib/python3.9/site-packages/django/core/serializers/json.py first seen with mtime 1631003828.23
File /usr/local/lib/python3.9/site-packages/django/views/i18n.py first seen with mtime 1631003828.31
File /usr/local/lib/python3.9/site-packages/django/contrib/auth/checks.py first seen with mtime 1631003827.64
File /usr/local/lib/python3.9/site-packages/django/core/checks/urls.py first seen with mtime 1631003828.22
File /usr/local/lib/python3.9/_sitebuiltins.py first seen with mtime 1629215285.0
File /usr/local/lib/python3.9/lib-dynload/_socket.cpython-39-x86_64-linux-gnu.so first seen with mtime 1629215256.0
File /usr/local/lib/python3.9/site-packages/django/contrib/auth/__init__.py first seen with mtime 1631003827.64
File /usr/local/lib/python3.9/lib-dynload/_contextvars.cpython-39-x86_64-linux-gnu.so first seen with mtime 1629215244.0
File /usr/local/lib/python3.9/site-packages/django/db/models/fields/mixins.py first seen with mtime 1631003828.26
File /usr/local/lib/python3.9/json/scanner.py first seen with mtime 1629215292.0
File /usr/local/lib/python3.9/site-packages/django/db/backends/base/creation.py first seen with mtime 1631003828.24
File /usr/local/lib/python3.9/email/mime/multipart.py first seen with mtime 1629215292.0
File /usr/local/lib/python3.9/unittest/signals.py first seen with mtime 1629215294.0
File /usr/local/lib/python3.9/site-packages/django/template/autoreload.py first seen with mtime 1631003828.29
File /usr/local/lib/python3.9/email/contentmanager.py first seen with mtime 1629215291.0
File /usr/local/lib/python3.9/site-packages/django/contrib/auth/admin.py first seen with mtime 1631003827.64
File /usr/local/lib/python3.9/lib-dynload/_json.cpython-39-x86_64-linux-gnu.so first seen with mtime 1629215250.0
File /usr/local/lib/python3.9/unittest/suite.py first seen with mtime 1629215294.0
File /usr/local/lib/python3.9/site-packages/sqlparse/formatter.py first seen with mtime 1631003826.82
File /usr/local/lib/python3.9/site-packages/django/apps/__init__.py first seen with mtime 1631003827.24
File /usr/local/lib/python3.9/site-packages/django/utils/datetime_safe.py first seen with mtime 1631003828.3
File /usr/local/lib/python3.9/asyncio/threads.py first seen with mtime 1629215290.0
File /usr/local/lib/python3.9/site-packages/django/utils/timezone.py first seen with mtime 1631003828.31
File /usr/local/lib/python3.9/site-packages/django/utils/formats.py first seen with mtime 1631003828.31
File /usr/local/lib/python3.9/site-packages/django/utils/deconstruct.py first seen with mtime 1631003828.3
File /usr/local/lib/python3.9/ntpath.py first seen with mtime 1629215285.0
File /usr/local/lib/python3.9/site-packages/django/urls/resolvers.py first seen with mtime 1631003828.3
File /usr/local/lib/python3.9/site-packages/django/contrib/admin/models.py first seen with mtime 1631003827.38
File /usr/local/lib/python3.9/site-packages/django/db/models/base.py first seen with mtime 1631003828.25
File /usr/local/lib/python3.9/site-packages/django/contrib/auth/tokens.py first seen with mtime 1631003827.65
File /usr/local/lib/python3.9/site-packages/django/views/generic/dates.py first seen with mtime 1631003828.32
File /usr/local/lib/python3.9/threading.py first seen with mtime 1629215285.0
File /usr/local/lib/python3.9/pprint.py first seen with mtime 1629215285.0
File /usr/local/lib/python3.9/site-packages/django/views/decorators/csrf.py first seen with mtime 1631003828.32
File /usr/local/lib/python3.9/site-packages/django/core/checks/caches.py first seen with mtime 1631003828.21
File /usr/local/lib/python3.9/site-packages/django/forms/utils.py first seen with mtime 1631003828.27
File /usr/local/lib/python3.9/site-packages/django/db/backends/sqlite3/creation.py first seen with mtime 1631003828.25
File /usr/local/lib/python3.9/site-packages/django/db/migrations/operations/fields.py first seen with mtime 1631003828.25
File /usr/local/lib/python3.9/site-packages/django/core/mail/message.py first seen with mtime 1631003828.22
File /usr/local/lib/python3.9/site-packages/django/dispatch/dispatcher.py first seen with mtime 1631003828.27
File /usr/local/lib/python3.9/site-packages/django/core/files/move.py first seen with mtime 1631003828.22
File /usr/local/lib/python3.9/site-packages/django/views/generic/base.py first seen with mtime 1631003828.32
File /usr/local/lib/python3.9/distutils/__init__.py first seen with mtime 1629215293.0
File /usr/local/lib/python3.9/_weakrefset.py first seen with mtime 1629215285.0
File /usr/local/lib/python3.9/site-packages/django/http/__init__.py first seen with mtime 1631003828.28
File /usr/local/lib/python3.9/site-packages/django/core/checks/__init__.py first seen with mtime 1631003828.21
File /usr/local/lib/python3.9/asyncio/protocols.py first seen with mtime 1629215290.0
File /usr/local/lib/python3.9/asyncio/log.py first seen with mtime 1629215290.0
File /usr/local/lib/python3.9/mimetypes.py first seen with mtime 1629215285.0
File /usr/local/lib/python3.9/site-packages/django/core/handlers/wsgi.py first seen with mtime 1631003828.22
File /usr/local/lib/python3.9/site-packages/asgiref/sync.py first seen with mtime 1631003827.12
File /usr/local/lib/python3.9/site-packages/django/contrib/contenttypes/checks.py first seen with mtime 1631003827.72
File /usr/local/lib/python3.9/site-packages/django/utils/autoreload.py first seen with mtime 1631003828.3
File /usr/local/lib/python3.9/site-packages/sqlparse/filters/aligned_indent.py first seen with mtime 1631003826.83
File /home/app/application/food/main/view/recipe/create.py first seen with mtime 1631027310.81
File /usr/local/lib/python3.9/email/mime/base.py first seen with mtime 1629215292.0
File /usr/local/lib/python3.9/site-packages/sqlparse/cli.py first seen with mtime 1631003826.82
File /usr/local/lib/python3.9/site-packages/django/templatetags/__init__.py first seen with mtime 1631003828.29
File /usr/local/lib/python3.9/site-packages/django/core/serializers/base.py first seen with mtime 1631003828.23
File /usr/local/lib/python3.9/urllib/parse.py first seen with mtime 1629215292.0
File /usr/local/lib/python3.9/asyncio/locks.py first seen with mtime 1629215290.0
File /usr/local/lib/python3.9/site-packages/sqlparse/filters/reindent.py first seen with mtime 1631003826.83
File /usr/local/lib/python3.9/site-packages/django/core/checks/security/__init__.py first seen with mtime 1631003828.22
File /usr/local/lib/python3.9/lib-dynload/_blake2.cpython-39-x86_64-linux-gnu.so first seen with mtime 1629215266.0
File /usr/local/lib/python3.9/site-packages/django/contrib/contenttypes/__init__.py first seen with mtime 1631003827.71
File /usr/local/lib/python3.9/asyncio/__init__.py first seen with mtime 1629215290.0
File /usr/local/lib/python3.9/site-packages/django/views/__init__.py first seen with mtime 1631003828.31
File /usr/local/lib/python3.9/asyncio/streams.py first seen with mtime 1629215290.0
File /usr/local/lib/python3.9/site-packages/django/core/mail/__init__.py first seen with mtime 1631003828.22
File /usr/local/lib/python3.9/site-packages/django/contrib/contenttypes/admin.py first seen with mtime 1631003827.71
File /usr/local/lib/python3.9/site-packages/django/templatetags/tz.py first seen with mtime 1631003828.3
File /usr/local/lib/python3.9/site-packages/django/db/models/lookups.py first seen with mtime 1631003828.26
File /usr/local/lib/python3.9/site-packages/django/urls/converters.py first seen with mtime 1631003828.3
File /usr/local/lib/python3.9/site-packages/django/core/servers/__init__.py first seen with mtime 1631003828.23
File /usr/local/lib/python3.9/site-packages/django/forms/renderers.py first seen with mtime 1631003828.27
File /usr/local/lib/python3.9/site-packages/django/contrib/admin/widgets.py first seen with mtime 1631003827.38
File /usr/local/lib/python3.9/asyncio/subprocess.py first seen with mtime 1629215290.0
File /usr/local/lib/python3.9/http/__init__.py first seen with mtime 1629215292.0
File /usr/local/lib/python3.9/keyword.py first seen with mtime 1629215285.0
File /usr/local/lib/python3.9/lib-dynload/_posixsubprocess.cpython-39-x86_64-linux-gnu.so first seen with mtime 1629215253.0
File /usr/local/lib/python3.9/site-packages/django/contrib/sites/__init__.py first seen with mtime 1631003828.15
File /usr/local/lib/python3.9/site-packages/pytz/tzfile.py first seen with mtime 1631003826.9
File /usr/local/lib/python3.9/site-packages/django/core/files/temp.py first seen with mtime 1631003828.22
File /usr/local/lib/python3.9/site-packages/sqlparse/utils.py first seen with mtime 1631003826.83
File /usr/local/lib/python3.9/selectors.py first seen with mtime 1629215285.0
File /usr/local/lib/python3.9/email/errors.py first seen with mtime 1629215291.0
File /usr/local/lib/python3.9/email/headerregistry.py first seen with mtime 1629215291.0
File /usr/local/lib/python3.9/site-packages/sqlparse/filters/__init__.py first seen with mtime 1631003826.83
File /usr/local/lib/python3.9/site-packages/django/core/validators.py first seen with mtime 1631003828.21
File /home/app/application/food/main/__init__.py first seen with mtime 1631010575.58
File /usr/local/lib/python3.9/site-packages/django/urls/conf.py first seen with mtime 1631003828.3
File /usr/local/lib/python3.9/site-packages/django/db/models/sql/query.py first seen with mtime 1631003828.27
File /usr/local/lib/python3.9/site-packages/django/__init__.py first seen with mtime 1631003827.23
File /usr/local/lib/python3.9/site-packages/django/db/models/fields/files.py first seen with mtime 1631003828.26
File /home/app/application/food/food/urls.py first seen with mtime 1631025813.69
File /usr/local/lib/python3.9/socketserver.py first seen with mtime 1629215285.0
File /usr/local/lib/python3.9/site-packages/sqlparse/engine/grouping.py first seen with mtime 1631003826.83
File /home/app/application/food/main/view/recipe/list.py first seen with mtime 1631024297.61
File /usr/local/lib/python3.9/os.py first seen with mtime 1629215285.0
File /usr/local/lib/python3.9/site-packages/django/urls/__init__.py first seen with mtime 1631003828.3
File /usr/local/lib/python3.9/site-packages/sqlparse/filters/tokens.py first seen with mtime 1631003826.83
File /usr/local/lib/python3.9/site-packages/django/db/models/deletion.py first seen with mtime 1631003828.26
File /usr/local/lib/python3.9/site-packages/django/template/smartif.py first seen with mtime 1631003828.29
File /usr/local/lib/python3.9/lib-dynload/_heapq.cpython-39-x86_64-linux-gnu.so first seen with mtime 1629215247.0
File /usr/local/lib/python3.9/site-packages/django/template/library.py first seen with mtime 1631003828.29
File /usr/local/lib/python3.9/site-packages/django/contrib/auth/apps.py first seen with mtime 1631003827.64
File /usr/local/lib/python3.9/site-packages/sqlparse/sql.py first seen with mtime 1631003826.83
File /usr/local/lib/python3.9/unittest/__init__.py first seen with mtime 1629215294.0
File /usr/local/lib/python3.9/site-packages/django/db/models/constraints.py first seen with mtime 1631003828.26
File /usr/local/lib/python3.9/site-packages/django/core/files/uploadhandler.py first seen with mtime 1631003828.22
File /usr/local/lib/python3.9/site-packages/django/core/servers/basehttp.py first seen with mtime 1631003828.23
File /usr/local/lib/python3.9/site-packages/django/core/checks/translation.py first seen with mtime 1631003828.22
File /usr/local/lib/python3.9/site-packages/sqlparse/engine/statement_splitter.py first seen with mtime 1631003826.83
File /usr/local/lib/python3.9/site-packages/django/db/models/functions/mixins.py first seen with mtime 1631003828.26
File /usr/local/lib/python3.9/site-packages/django/template/defaultfilters.py first seen with mtime 1631003828.29
File /usr/local/lib/python3.9/site-packages/django/views/debug.py first seen with mtime 1631003828.31
File /usr/local/lib/python3.9/importlib/__init__.py first seen with mtime 1629215289.0
File /usr/local/lib/python3.9/site-packages/sqlparse/filters/others.py first seen with mtime 1631003826.83
File /usr/local/lib/python3.9/site-packages/django/core/files/images.py first seen with mtime 1631003828.22
File /usr/local/lib/python3.9/email/mime/text.py first seen with mtime 1629215292.0
File /usr/local/lib/python3.9/unittest/util.py first seen with mtime 1629215294.0
File /usr/local/lib/python3.9/socket.py first seen with mtime 1629215285.0
File /usr/local/lib/python3.9/site-packages/django/utils/module_loading.py first seen with mtime 1631003828.31
File /usr/local/lib/python3.9/urllib/__init__.py first seen with mtime 1629215292.0
File /usr/local/lib/python3.9/site-packages/django/forms/forms.py first seen with mtime 1631003828.27
File /usr/local/lib/python3.9/site-packages/django/db/transaction.py first seen with mtime 1631003828.23
File /usr/local/lib/python3.9/asyncio/trsock.py first seen with mtime 1629215290.0
File /usr/local/lib/python3.9/site-packages/django/db/models/options.py first seen with mtime 1631003828.26
File /usr/local/lib/python3.9/lib-dynload/binascii.cpython-39-x86_64-linux-gnu.so first seen with mtime 1629215263.0
File /usr/local/lib/python3.9/distutils/version.py first seen with mtime 1629215293.0
File /usr/local/lib/python3.9/site-packages/django/db/utils.py first seen with mtime 1631003828.23
File /usr/local/lib/python3.9/opcode.py first seen with mtime 1629215285.0
File /usr/local/lib/python3.9/traceback.py first seen with mtime 1629215285.0
File /usr/local/lib/python3.9/site-packages/django/core/checks/security/base.py first seen with mtime 1631003828.22
File /usr/local/lib/python3.9/genericpath.py first seen with mtime 1629215285.0
File /usr/local/lib/python3.9/concurrent/futures/__init__.py first seen with mtime 1629215291.0
File /usr/local/lib/python3.9/collections/__init__.py first seen with mtime 1629215291.0
File /usr/local/lib/python3.9/email/generator.py first seen with mtime 1629215291.0
File /usr/local/lib/python3.9/email/encoders.py first seen with mtime 1629215291.0
File /home/app/application/food/main/view/__init__.py first seen with mtime 1631020658.25
File /usr/local/lib/python3.9/site-packages/django/contrib/auth/validators.py first seen with mtime 1631003827.65
File /usr/local/lib/python3.9/lib-dynload/_ssl.cpython-39-x86_64-linux-gnu.so first seen with mtime 1629215257.0
File /usr/local/lib/python3.9/importlib/util.py first seen with mtime 1629215290.0
File /usr/local/lib/python3.9/site-packages/django/db/backends/base/client.py first seen with mtime 1631003828.24
File /usr/local/lib/python3.9/site-packages/django/db/models/utils.py first seen with mtime 1631003828.26
File /usr/local/lib/python3.9/email/mime/message.py first seen with mtime 1629215292.0
File /usr/local/lib/python3.9/email/_encoded_words.py first seen with mtime 1629215291.0
File /usr/local/lib/python3.9/email/_policybase.py first seen with mtime 1629215291.0
File /usr/local/lib/python3.9/lib-dynload/_bz2.cpython-39-x86_64-linux-gnu.so first seen with mtime 1629215263.0
File /usr/local/lib/python3.9/site-packages/django/db/models/expressions.py first seen with mtime 1631003828.26
File /usr/local/lib/python3.9/site-packages/django/conf/global_settings.py first seen with mtime 1631003827.24
File /usr/local/lib/python3.9/asyncio/base_futures.py first seen with mtime 1629215290.0
File /usr/local/lib/python3.9/http/server.py first seen with mtime 1629215292.0
File /usr/local/lib/python3.9/ast.py first seen with mtime 1629215285.0
File /usr/local/lib/python3.9/site-packages/django/db/backends/base/introspection.py first seen with mtime 1631003828.24
File /home/app/application/food/main/models/Address.py first seen with mtime 1631090639.9367368
File /usr/local/lib/python3.9/site-packages/django/db/models/query_utils.py first seen with mtime 1631003828.26
File /usr/local/lib/python3.9/http/cookies.py first seen with mtime 1629215292.0
File /usr/local/lib/python3.9/site-packages/django/db/backends/sqlite3/client.py first seen with mtime 1631003828.25
File /usr/local/lib/python3.9/base64.py first seen with mtime 1629215285.0
File /usr/local/lib/python3.9/site-packages/django/utils/html.py first seen with mtime 1631003828.31
File /usr/local/lib/python3.9/site-packages/django/utils/translation/__init__.py first seen with mtime 1631003828.31
File /usr/local/lib/python3.9/site-packages/django/views/generic/__init__.py first seen with mtime 1631003828.32
File /usr/local/lib/python3.9/site-packages/django/core/management/commands/__init__.py first seen with mtime 1631003828.22
File /usr/local/lib/python3.9/site-packages/django/middleware/cache.py first seen with mtime 1631003828.29
File /usr/local/lib/python3.9/heapq.py first seen with mtime 1629215285.0
File /usr/local/lib/python3.9/site-packages/django/http/cookie.py first seen with mtime 1631003828.28
File /usr/local/lib/python3.9/site-packages/django/urls/base.py first seen with mtime 1631003828.3
File /usr/local/lib/python3.9/asyncio/transports.py first seen with mtime 1629215290.0
File /usr/local/lib/python3.9/lib-dynload/_statistics.cpython-39-x86_64-linux-gnu.so first seen with mtime 1629215251.0
File /usr/local/lib/python3.9/site-packages/django/utils/asyncio.py first seen with mtime 1631003828.3
File /usr/local/lib/python3.9/secrets.py first seen with mtime 1629215285.0
File /usr/local/lib/python3.9/warnings.py first seen with mtime 1629215285.0
File /usr/local/lib/python3.9/site-packages/django/db/backends/sqlite3/introspection.py first seen with mtime 1631003828.25
File /usr/local/lib/python3.9/email/parser.py first seen with mtime 1629215291.0
File /usr/local/lib/python3.9/site-packages/django/contrib/auth/password_validation.py first seen with mtime 1631003827.64
File /usr/local/lib/python3.9/site-packages/django/core/cache/utils.py first seen with mtime 1631003828.21
File /home/app/application/food/main/apps.py first seen with mtime 1631010575.58
File /usr/local/lib/python3.9/site-packages/django/core/serializers/python.py first seen with mtime 1631003828.23
File /usr/local/lib/python3.9/site-packages/django/contrib/staticfiles/checks.py first seen with mtime 1631003828.21
File /usr/local/lib/python3.9/site-packages/django/contrib/admin/actions.py first seen with mtime 1631003827.38
File /usr/local/lib/python3.9/email/mime/__init__.py first seen with mtime 1629215292.0
File /usr/local/lib/python3.9/signal.py first seen with mtime 1629215285.0
File /usr/local/lib/python3.9/quopri.py first seen with mtime 1629215285.0
File /usr/local/lib/python3.9/site-packages/django/db/migrations/operations/special.py first seen with mtime 1631003828.25
File /usr/local/lib/python3.9/site-packages/django/db/backends/base/schema.py first seen with mtime 1631003828.24
File /usr/local/lib/python3.9/site-packages/sqlparse/lexer.py first seen with mtime 1631003826.82
File /usr/local/lib/python3.9/unittest/main.py first seen with mtime 1629215294.0
File /usr/local/lib/python3.9/wsgiref/handlers.py first seen with mtime 1629215292.0
File /usr/local/lib/python3.9/site-packages/django/templatetags/i18n.py first seen with mtime 1631003828.29
File /usr/local/lib/python3.9/site-packages/django/contrib/staticfiles/__init__.py first seen with mtime 1631003828.21
File /usr/local/lib/python3.9/site-packages/django/core/files/uploadedfile.py first seen with mtime 1631003828.22
File /usr/local/lib/python3.9/asyncio/base_events.py first seen with mtime 1629215290.0
File /usr/local/lib/python3.9/site-packages/django/db/models/fields/related_lookups.py first seen with mtime 1631003828.26
File /usr/local/lib/python3.9/reprlib.py first seen with mtime 1629215285.0
File /usr/local/lib/python3.9/_compat_pickle.py first seen with mtime 1629215285.0
File /usr/local/lib/python3.9/codecs.py first seen with mtime 1629215285.0
File /usr/local/lib/python3.9/uu.py first seen with mtime 1629215285.0
File /usr/local/lib/python3.9/json/__init__.py first seen with mtime 1629215292.0
File /usr/local/lib/python3.9/site-packages/django/db/models/query.py first seen with mtime 1631003828.26
File /usr/local/lib/python3.9/getpass.py first seen with mtime 1629215285.0
File /usr/local/lib/python3.9/site-packages/django/contrib/admin/templatetags/admin_urls.py first seen with mtime 1631003827.57
File /usr/local/lib/python3.9/site-packages/django/db/backends/sqlite3/schema.py first seen with mtime 1631003828.25
File /usr/local/lib/python3.9/html/parser.py first seen with mtime 1629215292.0
File /usr/local/lib/python3.9/site-packages/django/db/models/sql/subqueries.py first seen with mtime 1631003828.27
File /usr/local/lib/python3.9/site-packages/django/template/context.py first seen with mtime 1631003828.29
File /usr/local/lib/python3.9/lib-dynload/array.cpython-39-x86_64-linux-gnu.so first seen with mtime 1629215245.0
File /usr/local/lib/python3.9/site-packages/django/core/management/commands/runserver.py first seen with mtime 1631003828.23
File /usr/local/lib/python3.9/site-packages/django/db/models/fields/related.py first seen with mtime 1631003828.26
File /usr/local/lib/python3.9/site-packages/django/core/paginator.py first seen with mtime 1631003828.21
File /usr/local/lib/python3.9/site-packages/django/contrib/admin/exceptions.py first seen with mtime 1631003827.38
File /usr/local/lib/python3.9/site-packages/django/template/exceptions.py first seen with mtime 1631003828.29
File /usr/local/lib/python3.9/site-packages/django/views/generic/detail.py first seen with mtime 1631003828.32
File /usr/local/lib/python3.9/site-packages/django/template/response.py first seen with mtime 1631003828.29
File /usr/local/lib/python3.9/site-packages/sqlparse/filters/right_margin.py first seen with mtime 1631003826.83
File /usr/local/lib/python3.9/ipaddress.py first seen with mtime 1629215285.0
File /usr/local/lib/python3.9/asyncio/tasks.py first seen with mtime 1629215290.0
File /usr/local/lib/python3.9/lib-dynload/_pickle.cpython-39-x86_64-linux-gnu.so first seen with mtime 1629215251.0
File /usr/local/lib/python3.9/site-packages/django/db/migrations/state.py first seen with mtime 1631003828.25
File /usr/local/lib/python3.9/site-packages/django/db/migrations/exceptions.py first seen with mtime 1631003828.25
File /usr/local/lib/python3.9/types.py first seen with mtime 1629215285.0
File /usr/local/lib/python3.9/_compression.py first seen with mtime 1629215285.0
File /usr/local/lib/python3.9/site-packages/django/forms/boundfield.py first seen with mtime 1631003828.27
File /usr/local/lib/python3.9/wsgiref/__init__.py first seen with mtime 1629215292.0
File /usr/local/lib/python3.9/site-packages/django/core/files/locks.py first seen with mtime 1631003828.22
File /usr/local/lib/python3.9/site-packages/django/utils/topological_sort.py first seen with mtime 1631003828.31
File /usr/local/lib/python3.9/site-packages/django/core/signing.py first seen with mtime 1631003828.21
File /usr/local/lib/python3.9/site-packages/django/utils/timesince.py first seen with mtime 1631003828.31
File /usr/local/lib/python3.9/site-packages/django/core/files/__init__.py first seen with mtime 1631003828.22
File /usr/local/lib/python3.9/site-packages/django/db/models/indexes.py first seen with mtime 1631003828.26
File /usr/local/lib/python3.9/site-packages/django/contrib/admin/apps.py first seen with mtime 1631003827.38
File /usr/local/lib/python3.9/site-packages/sqlparse/keywords.py first seen with mtime 1631003826.82
File /usr/local/lib/python3.9/site-packages/django/db/models/enums.py first seen with mtime 1631003828.26
File /usr/local/lib/python3.9/json/encoder.py first seen with mtime 1629215292.0
File /usr/local/lib/python3.9/lib-dynload/_decimal.cpython-39-x86_64-linux-gnu.so first seen with mtime 1629215283.0
File /usr/local/lib/python3.9/logging/handlers.py first seen with mtime 1629215292.0
File /usr/local/lib/python3.9/site-packages/django/core/checks/security/sessions.py first seen with mtime 1631003828.22
File /usr/local/lib/python3.9/wsgiref/headers.py first seen with mtime 1629215292.0
File /usr/local/lib/python3.9/site-packages/django/utils/regex_helper.py first seen with mtime 1631003828.31
File /usr/local/lib/python3.9/pkgutil.py first seen with mtime 1629215285.0
File /usr/local/lib/python3.9/inspect.py first seen with mtime 1629215285.0
File /usr/local/lib/python3.9/site-packages/django/contrib/admin/decorators.py first seen with mtime 1631003827.38
File /usr/local/lib/python3.9/site-packages/django/utils/datastructures.py first seen with mtime 1631003828.3
File /usr/local/lib/python3.9/_bootlocale.py first seen with mtime 1629215285.0
File /usr/local/lib/python3.9/stat.py first seen with mtime 1629215285.0
File /usr/local/lib/python3.9/subprocess.py first seen with mtime 1629215285.0
File /usr/local/lib/python3.9/site-packages/django/utils/connection.py first seen with mtime 1631003828.3
File /usr/local/lib/python3.9/wsgiref/util.py first seen with mtime 1629215292.0
File /usr/local/lib/python3.9/asyncio/base_tasks.py first seen with mtime 1629215290.0
File /usr/local/lib/python3.9/platform.py first seen with mtime 1629215285.0
File /usr/local/lib/python3.9/email/message.py first seen with mtime 1629215291.0
File /usr/local/lib/python3.9/site-packages/asgiref/__init__.py first seen with mtime 1631003827.12
File /usr/local/lib/python3.9/site-packages/django/core/mail/utils.py first seen with mtime 1631003828.22
File /usr/local/lib/python3.9/site-packages/django/template/loaders/__init__.py first seen with mtime 1631003828.29
File /usr/local/lib/python3.9/site-packages/django/utils/translation/reloader.py first seen with mtime 1631003828.31
File /usr/local/lib/python3.9/typing.py first seen with mtime 1629215285.0
File /home/app/application/food/main/forms/__init__.py first seen with mtime 1631025909.43
File /usr/local/lib/python3.9/site-packages/django/utils/crypto.py first seen with mtime 1631003828.3
File /usr/local/lib/python3.9/unittest/loader.py first seen with mtime 1629215294.0
File /usr/local/lib/python3.9/random.py first seen with mtime 1629215285.0
File /usr/local/lib/python3.9/site-packages/django/core/management/color.py first seen with mtime 1631003828.22
File /home/app/application/food/main/models/Ingredient.py first seen with mtime 1631020141.39
File /usr/local/lib/python3.9/site-packages/django/contrib/sessions/models.py first seen with mtime 1631003828.09
File /usr/local/lib/python3.9/site-packages/django/template/backends/__init__.py first seen with mtime 1631003828.29
File /usr/local/lib/python3.9/site-packages/django/apps/registry.py first seen with mtime 1631003827.24
File /usr/local/lib/python3.9/site-packages/django/contrib/auth/hashers.py first seen with mtime 1631003827.64
File /usr/local/lib/python3.9/site-packages/django/utils/dateformat.py first seen with mtime 1631003828.3
File /usr/local/lib/python3.9/lib-dynload/_opcode.cpython-39-x86_64-linux-gnu.so first seen with mtime 1629215249.0
File /usr/local/lib/python3.9/concurrent/futures/_base.py first seen with mtime 1629215291.0
File /usr/local/lib/python3.9/site-packages/pytz/exceptions.py first seen with mtime 1631003826.9
File /usr/local/lib/python3.9/site-packages/django/db/models/fields/related_descriptors.py first seen with mtime 1631003828.26
File /usr/local/lib/python3.9/site-packages/django/db/models/fields/reverse_related.py first seen with mtime 1631003828.26
File /usr/local/lib/python3.9/site-packages/django/contrib/messages/api.py first seen with mtime 1631003827.98
File /usr/local/lib/python3.9/site-packages/django/contrib/messages/constants.py first seen with mtime 1631003827.98
File /usr/local/lib/python3.9/_markupbase.py first seen with mtime 1629215285.0
File /usr/local/lib/python3.9/pathlib.py first seen with mtime 1629215285.0
File /usr/local/lib/python3.9/site-packages/django/core/management/__init__.py first seen with mtime 1631003828.22
File /usr/local/lib/python3.9/site-packages/django/db/models/sql/where.py first seen with mtime 1631003828.27
File /usr/local/lib/python3.9/datetime.py first seen with mtime 1629215285.0
File /usr/local/lib/python3.9/asyncio/unix_events.py first seen with mtime 1629215290.0
File /usr/local/lib/python3.9/functools.py first seen with mtime 1629215285.0
File /usr/local/lib/python3.9/site-packages/django/http/multipartparser.py first seen with mtime 1631003828.28
File /usr/local/lib/python3.9/site-packages/django/db/models/sql/constants.py first seen with mtime 1631003828.27
File /usr/local/lib/python3.9/bz2.py first seen with mtime 1629215285.0
File /usr/local/lib/python3.9/site-packages/django/contrib/staticfiles/apps.py first seen with mtime 1631003828.21
File /usr/local/lib/python3.9/site-packages/django/contrib/auth/management/__init__.py first seen with mtime 1631003827.71
File /usr/local/lib/python3.9/site-packages/django/utils/decorators.py first seen with mtime 1631003828.3
File /usr/local/lib/python3.9/site-packages/sqlparse/filters/output.py first seen with mtime 1631003826.83
File /usr/local/lib/python3.9/struct.py first seen with mtime 1629215285.0
File /usr/local/lib/python3.9/copyreg.py first seen with mtime 1629215285.0
File /usr/local/lib/python3.9/site-packages/django/core/checks/model_checks.py first seen with mtime 1631003828.21
File /usr/local/lib/python3.9/site-packages/django/core/checks/templates.py first seen with mtime 1631003828.22
File /usr/local/lib/python3.9/site-packages/django/template/loaders/filesystem.py first seen with mtime 1631003828.29
File /usr/local/lib/python3.9/site-packages/django/core/checks/registry.py first seen with mtime 1631003828.22
File /home/app/application/food/main/admin.py first seen with mtime 1631093432.0467367
File /usr/local/lib/python3.9/site-packages/django/core/cache/backends/base.py first seen with mtime 1631003828.21
File /usr/local/lib/python3.9/email/__init__.py first seen with mtime 1629215291.0
File /usr/local/lib/python3.9/site-packages/django/core/signals.py first seen with mtime 1631003828.21
File /usr/local/lib/python3.9/collections/abc.py first seen with mtime 1629215291.0
File /usr/local/lib/python3.9/site-packages/django/contrib/admin/views/__init__.py first seen with mtime 1631003827.57
File /usr/local/lib/python3.9/site-packages/django/views/decorators/cache.py first seen with mtime 1631003828.31
File /usr/local/lib/python3.9/email/_header_value_parser.py first seen with mtime 1629215291.0
File /usr/local/lib/python3.9/site-packages/django/db/models/signals.py first seen with mtime 1631003828.26
File /usr/local/lib/python3.9/site-packages/django/contrib/auth/forms.py first seen with mtime 1631003827.64
File /usr/local/lib/python3.9/site-packages/django/utils/baseconv.py first seen with mtime 1631003828.3
File /usr/local/lib/python3.9/site-packages/django/db/migrations/operations/utils.py first seen with mtime 1631003828.25
File /usr/local/lib/python3.9/unittest/result.py first seen with mtime 1629215294.0
File /usr/local/lib/python3.9/site-packages/django/http/request.py first seen with mtime 1631003828.28
File /usr/local/lib/python3.9/site-packages/pytz/tzinfo.py first seen with mtime 1631003826.9
File /usr/local/lib/python3.9/site-packages/django/utils/hashable.py first seen with mtime 1631003828.31
File /usr/local/lib/python3.9/site-packages/django/template/loader.py first seen with mtime 1631003828.29
File /usr/local/lib/python3.9/html/entities.py first seen with mtime 1629215292.0
File /usr/local/lib/python3.9/site-packages/asgiref/current_thread_executor.py first seen with mtime 1631003827.12
File /usr/local/lib/python3.9/site-packages/django/utils/cache.py first seen with mtime 1631003828.3
File /usr/local/lib/python3.9/site-packages/django/db/models/manager.py first seen with mtime 1631003828.26
File /usr/local/lib/python3.9/site-packages/django/core/files/base.py first seen with mtime 1631003828.22
File /usr/local/lib/python3.9/site-packages/django/core/handlers/__init__.py first seen with mtime 1631003828.22
File /usr/local/lib/python3.9/encodings/utf_8.py first seen with mtime 1629215291.0
File /usr/local/lib/python3.9/site-packages/django/core/wsgi.py first seen with mtime 1631003828.21
File /usr/local/lib/python3.9/re.py first seen with mtime 1629215285.0
File /usr/local/lib/python3.9/html/__init__.py first seen with mtime 1629215292.0
File /usr/local/lib/python3.9/site-packages/django/utils/ipv6.py first seen with mtime 1631003828.31
File /usr/local/lib/python3.9/_collections_abc.py first seen with mtime 1629215285.0
File /home/app/application/food/main/view/recipe/__init__.py first seen with mtime 1631021600.3
File /usr/local/lib/python3.9/lib-dynload/_asyncio.cpython-39-x86_64-linux-gnu.so first seen with mtime 1629215250.0
File /usr/local/lib/python3.9/site-packages/django/contrib/admin/templatetags/__init__.py first seen with mtime 1631003827.57
File /usr/local/lib/python3.9/site-packages/django/db/backends/utils.py first seen with mtime 1631003828.23
File /usr/local/lib/python3.9/lib-dynload/_lzma.cpython-39-x86_64-linux-gnu.so first seen with mtime 1629215264.0
File /usr/local/lib/python3.9/statistics.py first seen with mtime 1629215285.0
File /usr/local/lib/python3.9/site-packages/django/template/engine.py first seen with mtime 1631003828.29
File /usr/local/lib/python3.9/site-packages/django/utils/http.py first seen with mtime 1631003828.31
File /usr/local/lib/python3.9/site-packages/django/db/models/sql/datastructures.py first seen with mtime 1631003828.27
File /usr/local/lib/python3.9/site-packages/django/template/loaders/base.py first seen with mtime 1631003828.29
File /usr/local/lib/python3.9/site-packages/django/contrib/admin/checks.py first seen with mtime 1631003827.38
File /usr/local/lib/python3.9/site-packages/django/dispatch/__init__.py first seen with mtime 1631003828.27
File /usr/local/lib/python3.9/site-packages/django/contrib/contenttypes/views.py first seen with mtime 1631003827.72
File /usr/local/lib/python3.9/shutil.py first seen with mtime 1629215285.0
File /usr/local/lib/python3.9/lib-dynload/_random.cpython-39-x86_64-linux-gnu.so first seen with mtime 1629215246.0
File /usr/local/lib/python3.9/site-packages/django/template/backends/base.py first seen with mtime 1631003828.29
File /usr/local/lib/python3.9/hmac.py first seen with mtime 1629215285.0
File /usr/local/lib/python3.9/site-packages/django/contrib/admin/__init__.py first seen with mtime 1631003827.38
File /usr/local/lib/python3.9/site-packages/django/template/__init__.py first seen with mtime 1631003828.29
File /usr/local/lib/python3.9/site-packages/django/contrib/contenttypes/forms.py first seen with mtime 1631003827.72
File /usr/local/lib/python3.9/site-packages/django/contrib/auth/signals.py first seen with mtime 1631003827.64
File /home/app/application/food/main/models/Recipe.py first seen with mtime 1631020067.31
File /usr/local/lib/python3.9/sqlite3/__init__.py first seen with mtime 1629215292.0
File /usr/local/lib/python3.9/site-packages/django/core/management/base.py first seen with mtime 1631003828.22
File /usr/local/lib/python3.9/site-packages/django/contrib/messages/apps.py first seen with mtime 1631003827.98
File /usr/local/lib/python3.9/site-packages/django/utils/numberformat.py first seen with mtime 1631003828.31
File /usr/local/lib/python3.9/site-packages/asgiref/local.py first seen with mtime 1631003827.12
File /usr/local/lib/python3.9/site-packages/django/db/migrations/__init__.py first seen with mtime 1631003828.25
File /usr/local/lib/python3.9/site-packages/django/forms/models.py first seen with mtime 1631003828.27
File /usr/local/lib/python3.9/site-packages/django/core/checks/security/csrf.py first seen with mtime 1631003828.22
File /usr/local/lib/python3.9/email/mime/nonmultipart.py first seen with mtime 1629215292.0
File /usr/local/lib/python3.9/http/client.py first seen with mtime 1629215292.0
File /usr/local/lib/python3.9/site-packages/django/conf/locale/__init__.py first seen with mtime 1631003827.24
File /usr/local/lib/python3.9/fnmatch.py first seen with mtime 1629215285.0
File /usr/local/lib/python3.9/cgi.py first seen with mtime 1629215285.0
File /usr/local/lib/python3.9/enum.py first seen with mtime 1629215285.0
File /home/app/application/food/main/models/Unit.py first seen with mtime 1631020318.57
File /usr/local/lib/python3.9/site-packages/django/db/models/fields/__init__.py first seen with mtime 1631003828.26
File /usr/local/lib/python3.9/site-packages/django/core/files/storage.py first seen with mtime 1631003828.22
File /usr/local/lib/python3.9/site-packages/django/utils/log.py first seen with mtime 1631003828.31
File /home/app/application/food/main/models/Person.py first seen with mtime 1631087507.6867368
File /usr/local/lib/python3.9/unittest/case.py first seen with mtime 1629215294.0
File /usr/local/lib/python3.9/site-packages/django/utils/_os.py first seen with mtime 1631003828.3
File /usr/local/lib/python3.9/site-packages/django/db/models/fields/json.py first seen with mtime 1631003828.26
File /usr/local/lib/python3.9/site-packages/django/contrib/contenttypes/models.py first seen with mtime 1631003827.72
File /usr/local/lib/python3.9/email/iterators.py first seen with mtime 1629215291.0
File /usr/local/lib/python3.9/lib-dynload/math.cpython-39-x86_64-linux-gnu.so first seen with mtime 1629215245.0
File /usr/local/lib/python3.9/tokenize.py first seen with mtime 1629215285.0
File /usr/local/lib/python3.9/site-packages/django/utils/termcolors.py first seen with mtime 1631003828.31
File /home/app/application/food/main/view/recipe/detail.py first seen with mtime 1631092154.4967368
File /usr/local/lib/python3.9/site-packages/django/utils/__init__.py first seen with mtime 1631003828.3
File /usr/local/lib/python3.9/site-packages/django/contrib/sessions/__init__.py first seen with mtime 1631003828.09
File /usr/local/lib/python3.9/site-packages/django/core/handlers/base.py first seen with mtime 1631003828.22
File /usr/local/lib/python3.9/site.py first seen with mtime 1629215285.0
File /usr/local/lib/python3.9/site-packages/django/utils/duration.py first seen with mtime 1631003828.3
File /usr/local/lib/python3.9/glob.py first seen with mtime 1629215285.0
File /usr/local/lib/python3.9/site-packages/pytz/__init__.py first seen with mtime 1631003826.9
File /usr/local/lib/python3.9/site-packages/django/views/decorators/common.py first seen with mtime 1631003828.31
File /usr/local/lib/python3.9/site-packages/sqlparse/exceptions.py first seen with mtime 1631003826.82
File /usr/local/lib/python3.9/abc.py first seen with mtime 1629215285.0
File /usr/local/lib/python3.9/site-packages/django/contrib/messages/storage/__init__.py first seen with mtime 1631003827.99
File /usr/local/lib/python3.9/locale.py first seen with mtime 1629215285.0
File /usr/local/lib/python3.9/site-packages/django/contrib/contenttypes/management/__init__.py first seen with mtime 1631003827.77
File /usr/local/lib/python3.9/site-packages/django/forms/widgets.py first seen with mtime 1631003828.27
File /usr/local/lib/python3.9/site-packages/django/db/models/functions/math.py first seen with mtime 1631003828.26
File /usr/local/lib/python3.9/site-packages/django/forms/fields.py first seen with mtime 1631003828.27
File /usr/local/lib/python3.9/site-packages/django/db/models/constants.py first seen with mtime 1631003828.26
File /usr/local/lib/python3.9/sre_constants.py first seen with mtime 1629215285.0
File /usr/local/lib/python3.9/site-packages/sqlparse/engine/filter_stack.py first seen with mtime 1631003826.83
File /home/app/application/food/main/models/Phone.py first seen with mtime 1631090264.8167367
File /usr/local/lib/python3.9/uuid.py first seen with mtime 1629215285.0
File /usr/local/lib/python3.9/site-packages/django/templatetags/cache.py first seen with mtime 1631003828.29
File /usr/local/lib/python3.9/site-packages/django/core/cache/backends/__init__.py first seen with mtime 1631003828.21
File /usr/local/lib/python3.9/site-packages/django/db/backends/base/features.py first seen with mtime 1631003828.24
File /usr/local/lib/python3.9/site-packages/django/db/migrations/operations/models.py first seen with mtime 1631003828.25
File /usr/local/lib/python3.9/token.py first seen with mtime 1629215285.0
File /usr/local/lib/python3.9/site-packages/django/template/base.py first seen with mtime 1631003828.29
File /usr/local/lib/python3.9/site-packages/django/core/checks/async_checks.py first seen with mtime 1631003828.21
File /usr/local/lib/python3.9/site-packages/pytz/lazy.py first seen with mtime 1631003826.9
File /usr/local/lib/python3.9/lib-dynload/select.cpython-39-x86_64-linux-gnu.so first seen with mtime 1629215252.0
File /usr/local/lib/python3.9/asyncio/selector_events.py first seen with mtime 1629215290.0
File /usr/local/lib/python3.9/site-packages/django/views/generic/edit.py first seen with mtime 1631003828.32
File /usr/local/lib/python3.9/lib-dynload/_sqlite3.cpython-39-x86_64-linux-gnu.so first seen with mtime 1629215263.0
File /usr/local/lib/python3.9/asyncio/base_subprocess.py first seen with mtime 1629215290.0
File /usr/local/lib/python3.9/site-packages/django/core/files/utils.py first seen with mtime 1631003828.22
File /usr/local/lib/python3.9/encodings/__init__.py first seen with mtime 1629215291.0
File /usr/local/lib/python3.9/linecache.py first seen with mtime 1629215285.0
File /usr/local/lib/python3.9/concurrent/__init__.py first seen with mtime 1629215291.0
File /usr/local/lib/python3.9/site-packages/django/contrib/__init__.py first seen with mtime 1631003827.38
File /usr/local/lib/python3.9/asyncio/runners.py first seen with mtime 1629215290.0
File /home/app/application/food/food/settings.py first seen with mtime 1631092098.2467368
File /usr/local/lib/python3.9/site-packages/django/db/backends/sqlite3/features.py first seen with mtime 1631003828.25
File /usr/local/lib/python3.9/site-packages/django/utils/encoding.py first seen with mtime 1631003828.3
File /usr/local/lib/python3.9/site-packages/django/middleware/__init__.py first seen with mtime 1631003828.28
File /usr/local/lib/python3.9/operator.py first seen with mtime 1629215285.0
File /usr/local/lib/python3.9/site-packages/asgiref/compatibility.py first seen with mtime 1631003827.12
File /usr/local/lib/python3.9/site-packages/django/db/backends/base/validation.py first seen with mtime 1631003828.24
File /usr/local/lib/python3.9/encodings/aliases.py first seen with mtime 1629215291.0
File /usr/local/lib/python3.9/site-packages/django/db/backends/base/operations.py first seen with mtime 1631003828.24
File /usr/local/lib/python3.9/site-packages/django/utils/dates.py first seen with mtime 1631003828.3
File /usr/local/lib/python3.9/lib-dynload/fcntl.cpython-39-x86_64-linux-gnu.so first seen with mtime 1629215251.0
File /usr/local/lib/python3.9/dis.py first seen with mtime 1629215285.0
File /usr/local/lib/python3.9/site-packages/django/contrib/messages/__init__.py first seen with mtime 1631003827.98
File /usr/local/lib/python3.9/sqlite3/dbapi2.py first seen with mtime 1629215292.0
File /usr/local/lib/python3.9/site-packages/django/template/backends/django.py first seen with mtime 1631003828.29
File /usr/local/lib/python3.9/site-packages/django/core/exceptions.py first seen with mtime 1631003828.21
File /usr/local/lib/python3.9/site-packages/django/core/cache/backends/filebased.py first seen with mtime 1631003828.21
File /home/app/application/food/main/models/RecipeIngredientUnit.py first seen with mtime 1631020709.91
File /usr/local/lib/python3.9/tempfile.py first seen with mtime 1629215285.0
File /usr/local/lib/python3.9/site-packages/django/db/backends/sqlite3/operations.py first seen with mtime 1631003828.25
File /usr/local/lib/python3.9/site-packages/django/db/models/sql/__init__.py first seen with mtime 1631003828.26
File /usr/local/lib/python3.9/email/base64mime.py first seen with mtime 1629215291.0
File /usr/local/lib/python3.9/site-packages/django/db/models/functions/__init__.py first seen with mtime 1631003828.26
File /usr/local/lib/python3.9/site-packages/django/forms/__init__.py first seen with mtime 1631003828.27
File /usr/local/lib/python3.9/queue.py first seen with mtime 1629215285.0
File /usr/local/lib/python3.9/site-packages/django/utils/version.py first seen with mtime 1631003828.31
File /usr/local/lib/python3.9/site-packages/django/db/backends/signals.py first seen with mtime 1631003828.23
File /usr/local/lib/python3.9/importlib/abc.py first seen with mtime 1629215290.0
File /usr/local/lib/python3.9/hashlib.py first seen with mtime 1629215285.0
File /usr/local/lib/python3.9/lib-dynload/zlib.cpython-39-x86_64-linux-gnu.so first seen with mtime 1629215262.0
File /usr/local/lib/python3.9/asyncio/sslproto.py first seen with mtime 1629215290.0
File /usr/local/lib/python3.9/site-packages/django/core/handlers/exception.py first seen with mtime 1631003828.22
File /usr/local/lib/python3.9/email/utils.py first seen with mtime 1629215291.0
File /usr/local/lib/python3.9/site-packages/django/contrib/sessions/apps.py first seen with mtime 1631003828.09
File /usr/local/lib/python3.9/site-packages/django/utils/translation/trans_real.py first seen with mtime 1631003828.31
File /usr/local/lib/python3.9/site-packages/django/urls/utils.py first seen with mtime 1631003828.3
File /usr/local/lib/python3.9/site-packages/django/core/checks/database.py first seen with mtime 1631003828.21
File /usr/local/lib/python3.9/site-packages/django/db/backends/base/__init__.py first seen with mtime 1631003828.23
File /usr/local/lib/python3.9/site-packages/django/utils/lorem_ipsum.py first seen with mtime 1631003828.31
File /usr/local/lib/python3.9/encodings/latin_1.py first seen with mtime 1629215291.0
File /usr/local/lib/python3.9/site-packages/django/db/models/aggregates.py first seen with mtime 1631003828.25
File /usr/local/lib/python3.9/concurrent/futures/thread.py first seen with mtime 1629215291.0
File /usr/local/lib/python3.9/logging/__init__.py first seen with mtime 1629215292.0
File /usr/local/lib/python3.9/asyncio/coroutines.py first seen with mtime 1629215290.0
File /usr/local/lib/python3.9/site-packages/django/core/checks/messages.py first seen with mtime 1631003828.21
File /usr/local/lib/python3.9/site-packages/sqlparse/engine/__init__.py first seen with mtime 1631003826.83
File /usr/local/lib/python3.9/weakref.py first seen with mtime 1629215285.0
File /usr/local/lib/python3.9/pickle.py first seen with mtime 1629215285.0
File /usr/local/lib/python3.9/lib-dynload/grp.cpython-39-x86_64-linux-gnu.so first seen with mtime 1629215251.0
File /usr/local/lib/python3.9/site-packages/django/conf/__init__.py first seen with mtime 1631003827.24
File /usr/local/lib/python3.9/json/decoder.py first seen with mtime 1629215292.0
File /usr/local/lib/python3.9/site-packages/django/contrib/admin/filters.py first seen with mtime 1631003827.38
File /usr/local/lib/python3.9/gzip.py first seen with mtime 1629215285.0
File /usr/local/lib/python3.9/site-packages/django/templatetags/static.py first seen with mtime 1631003828.3
File /usr/local/lib/python3.9/site-packages/django/forms/formsets.py first seen with mtime 1631003828.27
File /usr/local/lib/python3.9/site-packages/django/db/backends/sqlite3/__init__.py first seen with mtime 1631003828.25
File /usr/local/lib/python3.9/asyncio/format_helpers.py first seen with mtime 1629215290.0
File /usr/local/lib/python3.9/site-packages/django/db/models/functions/datetime.py first seen with mtime 1631003828.26
File /usr/local/lib/python3.9/asyncio/constants.py first seen with mtime 1629215290.0
File /usr/local/lib/python3.9/site-packages/django/db/migrations/migration.py first seen with mtime 1631003828.25
File /usr/local/lib/python3.9/site-packages/django/utils/safestring.py first seen with mtime 1631003828.31
File /usr/local/lib/python3.9/site-packages/django/template/defaulttags.py first seen with mtime 1631003828.29
File /usr/local/lib/python3.9/site-packages/sqlparse/__init__.py first seen with mtime 1631003826.82
File /usr/local/lib/python3.9/site-packages/django/db/models/functions/window.py first seen with mtime 1631003828.26
File /usr/local/lib/python3.9/site-packages/django/contrib/auth/models.py first seen with mtime 1631003827.64
File /usr/local/lib/python3.9/site-packages/django/contrib/admin/options.py first seen with mtime 1631003827.38
File /usr/local/lib/python3.9/argparse.py first seen with mtime 1629215285.0
File /usr/local/lib/python3.9/calendar.py first seen with mtime 1629215285.0
File /usr/local/lib/python3.9/email/charset.py first seen with mtime 1629215291.0
File /usr/local/lib/python3.9/copy.py first seen with mtime 1629215285.0
File /usr/local/lib/python3.9/site-packages/django/utils/deprecation.py first seen with mtime 1631003828.3
File /usr/local/lib/python3.9/lib-dynload/termios.cpython-39-x86_64-linux-gnu.so first seen with mtime 1629215259.0
File /usr/local/lib/python3.9/email/policy.py first seen with mtime 1629215291.0
File /usr/local/lib/python3.9/posixpath.py first seen with mtime 1629215285.0
File /usr/local/lib/python3.9/site-packages/django/utils/text.py first seen with mtime 1631003828.31
File /usr/local/lib/python3.9/string.py first seen with mtime 1629215285.0
File /usr/local/lib/python3.9/site-packages/django/templatetags/l10n.py first seen with mtime 1631003828.3
File /usr/local/lib/python3.9/email/header.py first seen with mtime 1629215291.0
File /usr/local/lib/python3.9/asyncio/futures.py first seen with mtime 1629215290.0
File /usr/local/lib/python3.9/lib-dynload/_struct.cpython-39-x86_64-linux-gnu.so first seen with mtime 1629215245.0
File /usr/local/lib/python3.9/site-packages/django/contrib/admin/utils.py first seen with mtime 1631003827.38
File /usr/local/lib/python3.9/site-packages/django/template/utils.py first seen with mtime 1631003828.29
File /usr/local/lib/python3.9/site-packages/django/utils/tree.py first seen with mtime 1631003828.31
File /usr/local/lib/python3.9/site-packages/django/db/migrations/operations/__init__.py first seen with mtime 1631003828.25
File /usr/local/lib/python3.9/site-packages/django/middleware/csrf.py first seen with mtime 1631003828.29
File /usr/local/lib/python3.9/site-packages/sqlparse/tokens.py first seen with mtime 1631003826.83
File /usr/local/lib/python3.9/site-packages/django/db/migrations/utils.py first seen with mtime 1631003828.25
File /usr/local/lib/python3.9/site-packages/django/apps/config.py first seen with mtime 1631003827.24
File /usr/local/lib/python3.9/lib-dynload/_bisect.cpython-39-x86_64-linux-gnu.so first seen with mtime 1629215247.0
File /usr/local/lib/python3.9/sre_parse.py first seen with mtime 1629215285.0
File /usr/local/lib/python3.9/site-packages/django/contrib/sites/shortcuts.py first seen with mtime 1631003828.15
File /usr/local/lib/python3.9/site-packages/django/contrib/staticfiles/finders.py first seen with mtime 1631003828.21
File /usr/local/lib/python3.9/site-packages/django/http/response.py first seen with mtime 1631003828.28
File /usr/local/lib/python3.9/email/_parseaddr.py first seen with mtime 1629215291.0
File /usr/local/lib/python3.9/difflib.py first seen with mtime 1629215285.0
File /usr/local/lib/python3.9/bisect.py first seen with mtime 1629215285.0
File /home/app/application/food/food/__init__.py first seen with mtime 1631004264.49
File /usr/local/lib/python3.9/site-packages/django/views/generic/list.py first seen with mtime 1631003828.32
File /usr/local/lib/python3.9/site-packages/django/db/backends/base/base.py first seen with mtime 1631003828.24
File /usr/local/lib/python3.9/lib-dynload/_uuid.cpython-39-x86_64-linux-gnu.so first seen with mtime 1629215269.0
File /usr/local/lib/python3.9/site-packages/django/views/decorators/__init__.py first seen with mtime 1631003828.31
File /usr/local/lib/python3.9/site-packages/django/db/backends/__init__.py first seen with mtime 1631003828.23
File /usr/local/lib/python3.9/site-packages/django/contrib/admin/views/autocomplete.py first seen with mtime 1631003827.57
File /usr/local/lib/python3.9/site-packages/django/template/loaders/app_directories.py first seen with mtime 1631003828.29
File /usr/local/lib/python3.9/asyncio/exceptions.py first seen with mtime 1629215290.0
File /usr/local/lib/python3.9/site-packages/django/db/__init__.py first seen with mtime 1631003828.23
File /usr/local/lib/python3.9/sre_compile.py first seen with mtime 1629215285.0
File /home/app/application/food/manage.py first seen with mtime 1631004264.49
File /usr/local/lib/python3.9/lib-dynload/_sha512.cpython-39-x86_64-linux-gnu.so first seen with mtime 1629215258.0
File /usr/local/lib/python3.9/site-packages/django/utils/functional.py first seen with mtime 1631003828.31
File /usr/local/lib/python3.9/site-packages/django/contrib/staticfiles/utils.py first seen with mtime 1631003828.21
File /usr/local/lib/python3.9/logging/config.py first seen with mtime 1629215292.0
File /usr/local/lib/python3.9/site-packages/django/contrib/sessions/base_session.py first seen with mtime 1631003828.09
File /usr/local/lib/python3.9/site-packages/django/db/backends/sqlite3/base.py first seen with mtime 1631003828.25
File /usr/local/lib/python3.9/site-packages/django/contrib/auth/base_user.py first seen with mtime 1631003827.64
File /usr/local/lib/python3.9/site-packages/django/core/__init__.py first seen with mtime 1631003828.21
File /usr/local/lib/python3.9/fractions.py first seen with mtime 1629215285.0
File /usr/local/lib/python3.9/site-packages/django/db/models/fields/proxy.py first seen with mtime 1631003828.26
File /usr/local/lib/python3.9/site-packages/django/db/models/__init__.py first seen with mtime 1631003828.25
File /usr/local/lib/python3.9/ssl.py first seen with mtime 1629215285.0
File /usr/local/lib/python3.9/site-packages/django/db/models/functions/comparison.py first seen with mtime 1631003828.26
File /usr/local/lib/python3.9/site-packages/django/contrib/contenttypes/apps.py first seen with mtime 1631003827.71
File /usr/local/lib/python3.9/site-packages/django/utils/inspect.py first seen with mtime 1631003828.31
File /usr/local/lib/python3.9/site-packages/django/contrib/admin/helpers.py first seen with mtime 1631003827.38
File /usr/local/lib/python3.9/decimal.py first seen with mtime 1629215285.0
(0.003) SELECT "django_session"."session_key", "django_session"."session_data", "django_session"."expire_date" FROM "django_session" WHERE ("django_session"."expire_date" > '2021-09-08 09:42:03.017680' AND "django_session"."session_key" = 'lo83icnmfkzogy8nbj0q2ogs38cjb7p5') LIMIT 21; args=('2021-09-08 09:42:03.017680', 'lo83icnmfkzogy8nbj0q2ogs38cjb7p5')
(0.000) SELECT "auth_user"."id", "auth_user"."password", "auth_user"."last_login", "auth_user"."is_superuser", "auth_user"."username", "auth_user"."first_name", "auth_user"."last_name", "auth_user"."email", "auth_user"."is_staff", "auth_user"."is_active", "auth_user"."date_joined" FROM "auth_user" WHERE "auth_user"."id" = 1 LIMIT 21; args=(1,)
(0.000) SELECT "django_admin_log"."id", "django_admin_log"."action_time", "django_admin_log"."user_id", "django_admin_log"."content_type_id", "django_admin_log"."object_id", "django_admin_log"."object_repr", "django_admin_log"."action_flag", "django_admin_log"."change_message", "auth_user"."id", "auth_user"."password", "auth_user"."last_login", "auth_user"."is_superuser", "auth_user"."username", "auth_user"."first_name", "auth_user"."last_name", "auth_user"."email", "auth_user"."is_staff", "auth_user"."is_active", "auth_user"."date_joined", "django_content_type"."id", "django_content_type"."app_label", "django_content_type"."model" FROM "django_admin_log" INNER JOIN "auth_user" ON ("django_admin_log"."user_id" = "auth_user"."id") LEFT OUTER JOIN "django_content_type" ON ("django_admin_log"."content_type_id" = "django_content_type"."id") WHERE "django_admin_log"."user_id" = 1 ORDER BY "django_admin_log"."action_time" DESC LIMIT 10; args=(1,)
(0.002) SELECT "django_session"."session_key", "django_session"."session_data", "django_session"."expire_date" FROM "django_session" WHERE ("django_session"."expire_date" > '2021-09-08 12:32:36.425604' AND "django_session"."session_key" = 'lo83icnmfkzogy8nbj0q2ogs38cjb7p5') LIMIT 21; args=('2021-09-08 12:32:36.425604', 'lo83icnmfkzogy8nbj0q2ogs38cjb7p5')
(0.000) SELECT "auth_user"."id", "auth_user"."password", "auth_user"."last_login", "auth_user"."is_superuser", "auth_user"."username", "auth_user"."first_name", "auth_user"."last_name", "auth_user"."email", "auth_user"."is_staff", "auth_user"."is_active", "auth_user"."date_joined" FROM "auth_user" WHERE "auth_user"."id" = 1 LIMIT 21; args=(1,)
(0.000) SELECT "django_admin_log"."id", "django_admin_log"."action_time", "django_admin_log"."user_id", "django_admin_log"."content_type_id", "django_admin_log"."object_id", "django_admin_log"."object_repr", "django_admin_log"."action_flag", "django_admin_log"."change_message", "auth_user"."id", "auth_user"."password", "auth_user"."last_login", "auth_user"."is_superuser", "auth_user"."username", "auth_user"."first_name", "auth_user"."last_name", "auth_user"."email", "auth_user"."is_staff", "auth_user"."is_active", "auth_user"."date_joined", "django_content_type"."id", "django_content_type"."app_label", "django_content_type"."model" FROM "django_admin_log" INNER JOIN "auth_user" ON ("django_admin_log"."user_id" = "auth_user"."id") LEFT OUTER JOIN "django_content_type" ON ("django_admin_log"."content_type_id" = "django_content_type"."id") WHERE "django_admin_log"."user_id" = 1 ORDER BY "django_admin_log"."action_time" DESC LIMIT 10; args=(1,)
(0.000) SELECT "django_session"."session_key", "django_session"."session_data", "django_session"."expire_date" FROM "django_session" WHERE ("django_session"."expire_date" > '2021-09-08 12:32:42.964407' AND "django_session"."session_key" = 'lo83icnmfkzogy8nbj0q2ogs38cjb7p5') LIMIT 21; args=('2021-09-08 12:32:42.964407', 'lo83icnmfkzogy8nbj0q2ogs38cjb7p5')
(0.000) SELECT "auth_user"."id", "auth_user"."password", "auth_user"."last_login", "auth_user"."is_superuser", "auth_user"."username", "auth_user"."first_name", "auth_user"."last_name", "auth_user"."email", "auth_user"."is_staff", "auth_user"."is_active", "auth_user"."date_joined" FROM "auth_user" WHERE "auth_user"."id" = 1 LIMIT 21; args=(1,)
(0.001) SELECT COUNT(*) AS "__count" FROM "main_phone"; args=()
(0.000) SELECT COUNT(*) AS "__count" FROM "main_phone"; args=()
(0.000) SELECT "main_phone"."id", "main_phone"."type", "main_phone"."person_id", "main_phone"."value" FROM "main_phone" ORDER BY "main_phone"."id" DESC; args=()
(0.000) SELECT "main_phone"."id", "main_phone"."type", "main_phone"."person_id", "main_phone"."value" FROM "main_phone" ORDER BY "main_phone"."id" DESC LIMIT 21; args=()
(0.000) SELECT "main_phone"."id", "main_phone"."type", "main_phone"."person_id", "main_phone"."value" FROM "main_phone" ORDER BY "main_phone"."id" DESC LIMIT 21; args=()
(0.000) SELECT "main_phone"."id", "main_phone"."type", "main_phone"."person_id", "main_phone"."value" FROM "main_phone" ORDER BY "main_phone"."id" DESC LIMIT 21; args=()
Internal Server Error: /admin/main/phone/
Traceback (most recent call last):
  File "/usr/local/lib/python3.9/site-packages/django/db/backends/utils.py", line 84, in _execute
    return self.cursor.execute(sql, params)
  File "/usr/local/lib/python3.9/site-packages/django/db/backends/sqlite3/base.py", line 423, in execute
    return Database.Cursor.execute(self, query, params)
sqlite3.OperationalError: no such column: main_phone.type

The above exception was the direct cause of the following exception:

Traceback (most recent call last):
  File "/usr/local/lib/python3.9/site-packages/django/core/handlers/exception.py", line 47, in inner
    response = get_response(request)
  File "/usr/local/lib/python3.9/site-packages/django/core/handlers/base.py", line 181, in _get_response
    response = wrapped_callback(request, *callback_args, **callback_kwargs)
  File "/usr/local/lib/python3.9/site-packages/django/contrib/admin/options.py", line 616, in wrapper
    return self.admin_site.admin_view(view)(*args, **kwargs)
  File "/usr/local/lib/python3.9/site-packages/django/utils/decorators.py", line 130, in _wrapped_view
    response = view_func(request, *args, **kwargs)
  File "/usr/local/lib/python3.9/site-packages/django/views/decorators/cache.py", line 44, in _wrapped_view_func
    response = view_func(request, *args, **kwargs)
  File "/usr/local/lib/python3.9/site-packages/django/contrib/admin/sites.py", line 232, in inner
    return view(request, *args, **kwargs)
  File "/usr/local/lib/python3.9/site-packages/django/utils/decorators.py", line 43, in _wrapper
    return bound_method(*args, **kwargs)
  File "/usr/local/lib/python3.9/site-packages/django/utils/decorators.py", line 130, in _wrapped_view
    response = view_func(request, *args, **kwargs)
  File "/usr/local/lib/python3.9/site-packages/django/contrib/admin/options.py", line 1815, in changelist_view
    'selection_note': _('0 of %(cnt)s selected') % {'cnt': len(cl.result_list)},
  File "/usr/local/lib/python3.9/site-packages/django/db/models/query.py", line 262, in __len__
    self._fetch_all()
  File "/usr/local/lib/python3.9/site-packages/django/db/models/query.py", line 1324, in _fetch_all
    self._result_cache = list(self._iterable_class(self))
  File "/usr/local/lib/python3.9/site-packages/django/db/models/query.py", line 51, in __iter__
    results = compiler.execute_sql(chunked_fetch=self.chunked_fetch, chunk_size=self.chunk_size)
  File "/usr/local/lib/python3.9/site-packages/django/db/models/sql/compiler.py", line 1175, in execute_sql
    cursor.execute(sql, params)
  File "/usr/local/lib/python3.9/site-packages/django/db/backends/utils.py", line 98, in execute
    return super().execute(sql, params)
  File "/usr/local/lib/python3.9/site-packages/django/db/backends/utils.py", line 66, in execute
    return self._execute_with_wrappers(sql, params, many=False, executor=self._execute)
  File "/usr/local/lib/python3.9/site-packages/django/db/backends/utils.py", line 75, in _execute_with_wrappers
    return executor(sql, params, many, context)
  File "/usr/local/lib/python3.9/site-packages/django/db/backends/utils.py", line 84, in _execute
    return self.cursor.execute(sql, params)
  File "/usr/local/lib/python3.9/site-packages/django/db/utils.py", line 90, in __exit__
    raise dj_exc_value.with_traceback(traceback) from exc_value
  File "/usr/local/lib/python3.9/site-packages/django/db/backends/utils.py", line 84, in _execute
    return self.cursor.execute(sql, params)
  File "/usr/local/lib/python3.9/site-packages/django/db/backends/sqlite3/base.py", line 423, in execute
    return Database.Cursor.execute(self, query, params)
django.db.utils.OperationalError: no such column: main_phone.type
(0.000) SELECT "django_session"."session_key", "django_session"."session_data", "django_session"."expire_date" FROM "django_session" WHERE ("django_session"."expire_date" > '2021-09-08 12:32:45.099154' AND "django_session"."session_key" = 'lo83icnmfkzogy8nbj0q2ogs38cjb7p5') LIMIT 21; args=('2021-09-08 12:32:45.099154', 'lo83icnmfkzogy8nbj0q2ogs38cjb7p5')
(0.000) SELECT "auth_user"."id", "auth_user"."password", "auth_user"."last_login", "auth_user"."is_superuser", "auth_user"."username", "auth_user"."first_name", "auth_user"."last_name", "auth_user"."email", "auth_user"."is_staff", "auth_user"."is_active", "auth_user"."date_joined" FROM "auth_user" WHERE "auth_user"."id" = 1 LIMIT 21; args=(1,)
(0.000) SELECT "django_admin_log"."id", "django_admin_log"."action_time", "django_admin_log"."user_id", "django_admin_log"."content_type_id", "django_admin_log"."object_id", "django_admin_log"."object_repr", "django_admin_log"."action_flag", "django_admin_log"."change_message", "auth_user"."id", "auth_user"."password", "auth_user"."last_login", "auth_user"."is_superuser", "auth_user"."username", "auth_user"."first_name", "auth_user"."last_name", "auth_user"."email", "auth_user"."is_staff", "auth_user"."is_active", "auth_user"."date_joined", "django_content_type"."id", "django_content_type"."app_label", "django_content_type"."model" FROM "django_admin_log" INNER JOIN "auth_user" ON ("django_admin_log"."user_id" = "auth_user"."id") LEFT OUTER JOIN "django_content_type" ON ("django_admin_log"."content_type_id" = "django_content_type"."id") WHERE "django_admin_log"."user_id" = 1 ORDER BY "django_admin_log"."action_time" DESC LIMIT 10; args=(1,)
(0.000) SELECT "django_session"."session_key", "django_session"."session_data", "django_session"."expire_date" FROM "django_session" WHERE ("django_session"."expire_date" > '2021-09-08 12:33:14.296862' AND "django_session"."session_key" = 'lo83icnmfkzogy8nbj0q2ogs38cjb7p5') LIMIT 21; args=('2021-09-08 12:33:14.296862', 'lo83icnmfkzogy8nbj0q2ogs38cjb7p5')
(0.000) SELECT "auth_user"."id", "auth_user"."password", "auth_user"."last_login", "auth_user"."is_superuser", "auth_user"."username", "auth_user"."first_name", "auth_user"."last_name", "auth_user"."email", "auth_user"."is_staff", "auth_user"."is_active", "auth_user"."date_joined" FROM "auth_user" WHERE "auth_user"."id" = 1 LIMIT 21; args=(1,)
(0.000) SELECT COUNT(*) AS "__count" FROM "main_address"; args=()
(0.000) SELECT COUNT(*) AS "__count" FROM "main_address"; args=()
(0.000) SELECT "main_address"."id", "main_address"."street", "main_address"."city" FROM "main_address" ORDER BY "main_address"."id" DESC; args=()
(0.001) SELECT "django_session"."session_key", "django_session"."session_data", "django_session"."expire_date" FROM "django_session" WHERE ("django_session"."expire_date" > '2021-09-08 12:33:14.405706' AND "django_session"."session_key" = 'lo83icnmfkzogy8nbj0q2ogs38cjb7p5') LIMIT 21; args=('2021-09-08 12:33:14.405706', 'lo83icnmfkzogy8nbj0q2ogs38cjb7p5')
(0.000) SELECT "auth_user"."id", "auth_user"."password", "auth_user"."last_login", "auth_user"."is_superuser", "auth_user"."username", "auth_user"."first_name", "auth_user"."last_name", "auth_user"."email", "auth_user"."is_staff", "auth_user"."is_active", "auth_user"."date_joined" FROM "auth_user" WHERE "auth_user"."id" = 1 LIMIT 21; args=(1,)
(0.000) SELECT "django_session"."session_key", "django_session"."session_data", "django_session"."expire_date" FROM "django_session" WHERE ("django_session"."expire_date" > '2021-09-08 12:33:16.170539' AND "django_session"."session_key" = 'lo83icnmfkzogy8nbj0q2ogs38cjb7p5') LIMIT 21; args=('2021-09-08 12:33:16.170539', 'lo83icnmfkzogy8nbj0q2ogs38cjb7p5')
(0.000) SELECT "auth_user"."id", "auth_user"."password", "auth_user"."last_login", "auth_user"."is_superuser", "auth_user"."username", "auth_user"."first_name", "auth_user"."last_name", "auth_user"."email", "auth_user"."is_staff", "auth_user"."is_active", "auth_user"."date_joined" FROM "auth_user" WHERE "auth_user"."id" = 1 LIMIT 21; args=(1,)
(0.000) SELECT "django_admin_log"."id", "django_admin_log"."action_time", "django_admin_log"."user_id", "django_admin_log"."content_type_id", "django_admin_log"."object_id", "django_admin_log"."object_repr", "django_admin_log"."action_flag", "django_admin_log"."change_message", "auth_user"."id", "auth_user"."password", "auth_user"."last_login", "auth_user"."is_superuser", "auth_user"."username", "auth_user"."first_name", "auth_user"."last_name", "auth_user"."email", "auth_user"."is_staff", "auth_user"."is_active", "auth_user"."date_joined", "django_content_type"."id", "django_content_type"."app_label", "django_content_type"."model" FROM "django_admin_log" INNER JOIN "auth_user" ON ("django_admin_log"."user_id" = "auth_user"."id") LEFT OUTER JOIN "django_content_type" ON ("django_admin_log"."content_type_id" = "django_content_type"."id") WHERE "django_admin_log"."user_id" = 1 ORDER BY "django_admin_log"."action_time" DESC LIMIT 10; args=(1,)
(0.000) SELECT "django_session"."session_key", "django_session"."session_data", "django_session"."expire_date" FROM "django_session" WHERE ("django_session"."expire_date" > '2021-09-08 12:34:42.182474' AND "django_session"."session_key" = 'lo83icnmfkzogy8nbj0q2ogs38cjb7p5') LIMIT 21; args=('2021-09-08 12:34:42.182474', 'lo83icnmfkzogy8nbj0q2ogs38cjb7p5')
(0.000) SELECT "auth_user"."id", "auth_user"."password", "auth_user"."last_login", "auth_user"."is_superuser", "auth_user"."username", "auth_user"."first_name", "auth_user"."last_name", "auth_user"."email", "auth_user"."is_staff", "auth_user"."is_active", "auth_user"."date_joined" FROM "auth_user" WHERE "auth_user"."id" = 1 LIMIT 21; args=(1,)
(0.000) SELECT "django_session"."session_key", "django_session"."session_data", "django_session"."expire_date" FROM "django_session" WHERE ("django_session"."expire_date" > '2021-09-08 12:40:58.986752' AND "django_session"."session_key" = 'lo83icnmfkzogy8nbj0q2ogs38cjb7p5') LIMIT 21; args=('2021-09-08 12:40:58.986752', 'lo83icnmfkzogy8nbj0q2ogs38cjb7p5')
(0.000) SELECT "auth_user"."id", "auth_user"."password", "auth_user"."last_login", "auth_user"."is_superuser", "auth_user"."username", "auth_user"."first_name", "auth_user"."last_name", "auth_user"."email", "auth_user"."is_staff", "auth_user"."is_active", "auth_user"."date_joined" FROM "auth_user" WHERE "auth_user"."id" = 1 LIMIT 21; args=(1,)
(0.000) SELECT COUNT(*) AS "__count" FROM "main_phone"; args=()
(0.000) SELECT COUNT(*) AS "__count" FROM "main_phone"; args=()
(0.000) SELECT "main_phone"."id", "main_phone"."type", "main_phone"."person_id", "main_phone"."value" FROM "main_phone" ORDER BY "main_phone"."id" DESC; args=()
(0.000) SELECT "main_phone"."id", "main_phone"."type", "main_phone"."person_id", "main_phone"."value" FROM "main_phone" ORDER BY "main_phone"."id" DESC LIMIT 21; args=()
(0.000) SELECT "main_phone"."id", "main_phone"."type", "main_phone"."person_id", "main_phone"."value" FROM "main_phone" ORDER BY "main_phone"."id" DESC LIMIT 21; args=()
(0.000) SELECT "main_phone"."id", "main_phone"."type", "main_phone"."person_id", "main_phone"."value" FROM "main_phone" ORDER BY "main_phone"."id" DESC LIMIT 21; args=()
Internal Server Error: /admin/main/phone/
Traceback (most recent call last):
  File "/usr/local/lib/python3.9/site-packages/django/db/backends/utils.py", line 84, in _execute
    return self.cursor.execute(sql, params)
  File "/usr/local/lib/python3.9/site-packages/django/db/backends/sqlite3/base.py", line 423, in execute
    return Database.Cursor.execute(self, query, params)
sqlite3.OperationalError: no such column: main_phone.type

The above exception was the direct cause of the following exception:

Traceback (most recent call last):
  File "/usr/local/lib/python3.9/site-packages/django/core/handlers/exception.py", line 47, in inner
    response = get_response(request)
  File "/usr/local/lib/python3.9/site-packages/django/core/handlers/base.py", line 181, in _get_response
    response = wrapped_callback(request, *callback_args, **callback_kwargs)
  File "/usr/local/lib/python3.9/site-packages/django/contrib/admin/options.py", line 616, in wrapper
    return self.admin_site.admin_view(view)(*args, **kwargs)
  File "/usr/local/lib/python3.9/site-packages/django/utils/decorators.py", line 130, in _wrapped_view
    response = view_func(request, *args, **kwargs)
  File "/usr/local/lib/python3.9/site-packages/django/views/decorators/cache.py", line 44, in _wrapped_view_func
    response = view_func(request, *args, **kwargs)
  File "/usr/local/lib/python3.9/site-packages/django/contrib/admin/sites.py", line 232, in inner
    return view(request, *args, **kwargs)
  File "/usr/local/lib/python3.9/site-packages/django/utils/decorators.py", line 43, in _wrapper
    return bound_method(*args, **kwargs)
  File "/usr/local/lib/python3.9/site-packages/django/utils/decorators.py", line 130, in _wrapped_view
    response = view_func(request, *args, **kwargs)
  File "/usr/local/lib/python3.9/site-packages/django/contrib/admin/options.py", line 1815, in changelist_view
    'selection_note': _('0 of %(cnt)s selected') % {'cnt': len(cl.result_list)},
  File "/usr/local/lib/python3.9/site-packages/django/db/models/query.py", line 262, in __len__
    self._fetch_all()
  File "/usr/local/lib/python3.9/site-packages/django/db/models/query.py", line 1324, in _fetch_all
    self._result_cache = list(self._iterable_class(self))
  File "/usr/local/lib/python3.9/site-packages/django/db/models/query.py", line 51, in __iter__
    results = compiler.execute_sql(chunked_fetch=self.chunked_fetch, chunk_size=self.chunk_size)
  File "/usr/local/lib/python3.9/site-packages/django/db/models/sql/compiler.py", line 1175, in execute_sql
    cursor.execute(sql, params)
  File "/usr/local/lib/python3.9/site-packages/django/db/backends/utils.py", line 98, in execute
    return super().execute(sql, params)
  File "/usr/local/lib/python3.9/site-packages/django/db/backends/utils.py", line 66, in execute
    return self._execute_with_wrappers(sql, params, many=False, executor=self._execute)
  File "/usr/local/lib/python3.9/site-packages/django/db/backends/utils.py", line 75, in _execute_with_wrappers
    return executor(sql, params, many, context)
  File "/usr/local/lib/python3.9/site-packages/django/db/backends/utils.py", line 84, in _execute
    return self.cursor.execute(sql, params)
  File "/usr/local/lib/python3.9/site-packages/django/db/utils.py", line 90, in __exit__
    raise dj_exc_value.with_traceback(traceback) from exc_value
  File "/usr/local/lib/python3.9/site-packages/django/db/backends/utils.py", line 84, in _execute
    return self.cursor.execute(sql, params)
  File "/usr/local/lib/python3.9/site-packages/django/db/backends/sqlite3/base.py", line 423, in execute
    return Database.Cursor.execute(self, query, params)
django.db.utils.OperationalError: no such column: main_phone.type
(0.000) SELECT "django_session"."session_key", "django_session"."session_data", "django_session"."expire_date" FROM "django_session" WHERE ("django_session"."expire_date" > '2021-09-08 12:41:02.069004' AND "django_session"."session_key" = 'lo83icnmfkzogy8nbj0q2ogs38cjb7p5') LIMIT 21; args=('2021-09-08 12:41:02.069004', 'lo83icnmfkzogy8nbj0q2ogs38cjb7p5')
(0.000) SELECT "auth_user"."id", "auth_user"."password", "auth_user"."last_login", "auth_user"."is_superuser", "auth_user"."username", "auth_user"."first_name", "auth_user"."last_name", "auth_user"."email", "auth_user"."is_staff", "auth_user"."is_active", "auth_user"."date_joined" FROM "auth_user" WHERE "auth_user"."id" = 1 LIMIT 21; args=(1,)
(0.000) 
            SELECT name, type FROM sqlite_master
            WHERE type in ('table', 'view') AND NOT name='sqlite_sequence'
            ORDER BY name; args=None
(0.001) SELECT "django_migrations"."id", "django_migrations"."app", "django_migrations"."name", "django_migrations"."applied" FROM "django_migrations"; args=()
(0.000) 
            SELECT name, type FROM sqlite_master
            WHERE type in ('table', 'view') AND NOT name='sqlite_sequence'
            ORDER BY name; args=None
(0.001) SELECT "django_migrations"."id", "django_migrations"."app", "django_migrations"."name", "django_migrations"."applied" FROM "django_migrations"; args=()
(0.000) 
            SELECT name, type FROM sqlite_master
            WHERE type in ('table', 'view') AND NOT name='sqlite_sequence'
            ORDER BY name; args=None
(0.000) SELECT "django_migrations"."id", "django_migrations"."app", "django_migrations"."name", "django_migrations"."applied" FROM "django_migrations"; args=()
(0.000) 
            SELECT name, type FROM sqlite_master
            WHERE type in ('table', 'view') AND NOT name='sqlite_sequence'
            ORDER BY name; args=None
(0.000) PRAGMA foreign_keys = OFF; args=None
(0.000) PRAGMA foreign_keys; args=None
(0.000) BEGIN; args=None
CREATE TABLE "new__main_phone" ("id" integer NOT NULL PRIMARY KEY AUTOINCREMENT, "value" varchar(200) NOT NULL, "person_id" bigint NULL REFERENCES "main_person" ("id") DEFERRABLE INITIALLY DEFERRED); (params None)
(0.001) CREATE TABLE "new__main_phone" ("id" integer NOT NULL PRIMARY KEY AUTOINCREMENT, "value" varchar(200) NOT NULL, "person_id" bigint NULL REFERENCES "main_person" ("id") DEFERRABLE INITIALLY DEFERRED); args=None
INSERT INTO "new__main_phone" ("id", "value", "person_id") SELECT "id", "value", "person_id" FROM "main_phone"; (params ())
(0.001) INSERT INTO "new__main_phone" ("id", "value", "person_id") SELECT "id", "value", "person_id" FROM "main_phone"; args=()
DROP TABLE "main_phone"; (params ())
(0.000) DROP TABLE "main_phone"; args=()
ALTER TABLE "new__main_phone" RENAME TO "main_phone"; (params ())
(0.003) ALTER TABLE "new__main_phone" RENAME TO "main_phone"; args=()
CREATE INDEX "main_phone_person_id_ef577e0c" ON "main_phone" ("person_id"); (params ())
(0.000) CREATE INDEX "main_phone_person_id_ef577e0c" ON "main_phone" ("person_id"); args=()
CREATE TABLE "new__main_phone" ("id" integer NOT NULL PRIMARY KEY AUTOINCREMENT, "value" varchar(200) NOT NULL, "person_id" bigint NULL REFERENCES "main_person" ("id") DEFERRABLE INITIALLY DEFERRED, "type" varchar(50) NOT NULL); (params None)
(0.000) CREATE TABLE "new__main_phone" ("id" integer NOT NULL PRIMARY KEY AUTOINCREMENT, "value" varchar(200) NOT NULL, "person_id" bigint NULL REFERENCES "main_person" ("id") DEFERRABLE INITIALLY DEFERRED, "type" varchar(50) NOT NULL); args=None
INSERT INTO "new__main_phone" ("id", "value", "person_id", "type") SELECT "id", "value", "person_id", 'mobile' FROM "main_phone"; (params ())
(0.000) INSERT INTO "new__main_phone" ("id", "value", "person_id", "type") SELECT "id", "value", "person_id", 'mobile' FROM "main_phone"; args=()
DROP TABLE "main_phone"; (params ())
(0.000) DROP TABLE "main_phone"; args=()
ALTER TABLE "new__main_phone" RENAME TO "main_phone"; (params ())
(0.001) ALTER TABLE "new__main_phone" RENAME TO "main_phone"; args=()
CREATE INDEX "main_phone_person_id_ef577e0c" ON "main_phone" ("person_id"); (params ())
(0.000) CREATE INDEX "main_phone_person_id_ef577e0c" ON "main_phone" ("person_id"); args=()
(0.000) 
            SELECT name, type FROM sqlite_master
            WHERE type in ('table', 'view') AND NOT name='sqlite_sequence'
            ORDER BY name; args=None
(0.000) INSERT INTO "django_migrations" ("app", "name", "applied") VALUES ('main', '0008_auto_20210908_1241', '2021-09-08 12:41:24.477085'); args=['main', '0008_auto_20210908_1241', '2021-09-08 12:41:24.477085']
(0.000) PRAGMA foreign_key_check; args=None
(0.000) PRAGMA foreign_keys = ON; args=None
(0.000) 
            SELECT name, type FROM sqlite_master
            WHERE type in ('table', 'view') AND NOT name='sqlite_sequence'
            ORDER BY name; args=None
(0.000) SELECT "django_migrations"."id", "django_migrations"."app", "django_migrations"."name", "django_migrations"."applied" FROM "django_migrations"; args=()
(0.000) SELECT "django_content_type"."id", "django_content_type"."app_label", "django_content_type"."model" FROM "django_content_type" WHERE "django_content_type"."app_label" = 'admin'; args=('admin',)
(0.000) SELECT "django_content_type"."id", "django_content_type"."app_label", "django_content_type"."model" FROM "django_content_type" WHERE ("django_content_type"."app_label" = 'admin' AND "django_content_type"."model" = 'logentry') LIMIT 21; args=('admin', 'logentry')
(0.000) SELECT "auth_permission"."content_type_id", "auth_permission"."codename" FROM "auth_permission" INNER JOIN "django_content_type" ON ("auth_permission"."content_type_id" = "django_content_type"."id") WHERE "auth_permission"."content_type_id" IN (1) ORDER BY "django_content_type"."app_label" ASC, "django_content_type"."model" ASC, "auth_permission"."codename" ASC; args=(1,)
(0.000) SELECT "django_content_type"."id", "django_content_type"."app_label", "django_content_type"."model" FROM "django_content_type" WHERE "django_content_type"."app_label" = 'admin'; args=('admin',)
(0.000) SELECT "django_content_type"."id", "django_content_type"."app_label", "django_content_type"."model" FROM "django_content_type" WHERE "django_content_type"."app_label" = 'auth'; args=('auth',)
(0.000) SELECT "django_content_type"."id", "django_content_type"."app_label", "django_content_type"."model" FROM "django_content_type" WHERE ("django_content_type"."app_label" = 'auth' AND "django_content_type"."model" = 'permission') LIMIT 21; args=('auth', 'permission')
(0.000) SELECT "django_content_type"."id", "django_content_type"."app_label", "django_content_type"."model" FROM "django_content_type" WHERE ("django_content_type"."app_label" = 'auth' AND "django_content_type"."model" = 'group') LIMIT 21; args=('auth', 'group')
(0.000) SELECT "django_content_type"."id", "django_content_type"."app_label", "django_content_type"."model" FROM "django_content_type" WHERE ("django_content_type"."app_label" = 'auth' AND "django_content_type"."model" = 'user') LIMIT 21; args=('auth', 'user')
(0.000) SELECT "auth_permission"."content_type_id", "auth_permission"."codename" FROM "auth_permission" INNER JOIN "django_content_type" ON ("auth_permission"."content_type_id" = "django_content_type"."id") WHERE "auth_permission"."content_type_id" IN (2, 3, 4) ORDER BY "django_content_type"."app_label" ASC, "django_content_type"."model" ASC, "auth_permission"."codename" ASC; args=(2, 3, 4)
(0.000) SELECT "django_content_type"."id", "django_content_type"."app_label", "django_content_type"."model" FROM "django_content_type" WHERE "django_content_type"."app_label" = 'auth'; args=('auth',)
(0.000) SELECT "django_content_type"."id", "django_content_type"."app_label", "django_content_type"."model" FROM "django_content_type" WHERE "django_content_type"."app_label" = 'contenttypes'; args=('contenttypes',)
(0.000) SELECT "django_content_type"."id", "django_content_type"."app_label", "django_content_type"."model" FROM "django_content_type" WHERE ("django_content_type"."app_label" = 'contenttypes' AND "django_content_type"."model" = 'contenttype') LIMIT 21; args=('contenttypes', 'contenttype')
(0.000) SELECT "auth_permission"."content_type_id", "auth_permission"."codename" FROM "auth_permission" INNER JOIN "django_content_type" ON ("auth_permission"."content_type_id" = "django_content_type"."id") WHERE "auth_permission"."content_type_id" IN (5) ORDER BY "django_content_type"."app_label" ASC, "django_content_type"."model" ASC, "auth_permission"."codename" ASC; args=(5,)
(0.000) SELECT "django_content_type"."id", "django_content_type"."app_label", "django_content_type"."model" FROM "django_content_type" WHERE "django_content_type"."app_label" = 'contenttypes'; args=('contenttypes',)
(0.000) SELECT "django_content_type"."id", "django_content_type"."app_label", "django_content_type"."model" FROM "django_content_type" WHERE "django_content_type"."app_label" = 'sessions'; args=('sessions',)
(0.000) SELECT "django_content_type"."id", "django_content_type"."app_label", "django_content_type"."model" FROM "django_content_type" WHERE ("django_content_type"."app_label" = 'sessions' AND "django_content_type"."model" = 'session') LIMIT 21; args=('sessions', 'session')
(0.000) SELECT "auth_permission"."content_type_id", "auth_permission"."codename" FROM "auth_permission" INNER JOIN "django_content_type" ON ("auth_permission"."content_type_id" = "django_content_type"."id") WHERE "auth_permission"."content_type_id" IN (6) ORDER BY "django_content_type"."app_label" ASC, "django_content_type"."model" ASC, "auth_permission"."codename" ASC; args=(6,)
(0.000) SELECT "django_content_type"."id", "django_content_type"."app_label", "django_content_type"."model" FROM "django_content_type" WHERE "django_content_type"."app_label" = 'sessions'; args=('sessions',)
(0.000) SELECT "django_content_type"."id", "django_content_type"."app_label", "django_content_type"."model" FROM "django_content_type" WHERE "django_content_type"."app_label" = 'main'; args=('main',)
(0.000) SELECT "django_content_type"."id", "django_content_type"."app_label", "django_content_type"."model" FROM "django_content_type" WHERE ("django_content_type"."app_label" = 'main' AND "django_content_type"."model" = 'recipe') LIMIT 21; args=('main', 'recipe')
(0.000) SELECT "django_content_type"."id", "django_content_type"."app_label", "django_content_type"."model" FROM "django_content_type" WHERE ("django_content_type"."app_label" = 'main' AND "django_content_type"."model" = 'ingredient') LIMIT 21; args=('main', 'ingredient')
(0.000) SELECT "django_content_type"."id", "django_content_type"."app_label", "django_content_type"."model" FROM "django_content_type" WHERE ("django_content_type"."app_label" = 'main' AND "django_content_type"."model" = 'unit') LIMIT 21; args=('main', 'unit')
(0.000) SELECT "django_content_type"."id", "django_content_type"."app_label", "django_content_type"."model" FROM "django_content_type" WHERE ("django_content_type"."app_label" = 'main' AND "django_content_type"."model" = 'recipeingredientunit') LIMIT 21; args=('main', 'recipeingredientunit')
(0.000) SELECT "django_content_type"."id", "django_content_type"."app_label", "django_content_type"."model" FROM "django_content_type" WHERE ("django_content_type"."app_label" = 'main' AND "django_content_type"."model" = 'address') LIMIT 21; args=('main', 'address')
(0.000) SELECT "django_content_type"."id", "django_content_type"."app_label", "django_content_type"."model" FROM "django_content_type" WHERE ("django_content_type"."app_label" = 'main' AND "django_content_type"."model" = 'person') LIMIT 21; args=('main', 'person')
(0.000) SELECT "django_content_type"."id", "django_content_type"."app_label", "django_content_type"."model" FROM "django_content_type" WHERE ("django_content_type"."app_label" = 'main' AND "django_content_type"."model" = 'phone') LIMIT 21; args=('main', 'phone')
(0.000) SELECT "auth_permission"."content_type_id", "auth_permission"."codename" FROM "auth_permission" INNER JOIN "django_content_type" ON ("auth_permission"."content_type_id" = "django_content_type"."id") WHERE "auth_permission"."content_type_id" IN (8, 9, 10, 11, 12, 13, 14) ORDER BY "django_content_type"."app_label" ASC, "django_content_type"."model" ASC, "auth_permission"."codename" ASC; args=(8, 9, 10, 11, 12, 13, 14)
(0.000) SELECT "django_content_type"."id", "django_content_type"."app_label", "django_content_type"."model" FROM "django_content_type" WHERE "django_content_type"."app_label" = 'main'; args=('main',)
(0.000) SELECT "django_session"."session_key", "django_session"."session_data", "django_session"."expire_date" FROM "django_session" WHERE ("django_session"."expire_date" > '2021-09-08 12:41:28.204414' AND "django_session"."session_key" = 'lo83icnmfkzogy8nbj0q2ogs38cjb7p5') LIMIT 21; args=('2021-09-08 12:41:28.204414', 'lo83icnmfkzogy8nbj0q2ogs38cjb7p5')
(0.000) SELECT "auth_user"."id", "auth_user"."password", "auth_user"."last_login", "auth_user"."is_superuser", "auth_user"."username", "auth_user"."first_name", "auth_user"."last_name", "auth_user"."email", "auth_user"."is_staff", "auth_user"."is_active", "auth_user"."date_joined" FROM "auth_user" WHERE "auth_user"."id" = 1 LIMIT 21; args=(1,)
(0.000) SELECT COUNT(*) AS "__count" FROM "main_phone"; args=()
(0.000) SELECT COUNT(*) AS "__count" FROM "main_phone"; args=()
(0.000) SELECT "main_phone"."id", "main_phone"."type", "main_phone"."person_id", "main_phone"."value" FROM "main_phone" ORDER BY "main_phone"."id" DESC; args=()
(0.001) SELECT "django_session"."session_key", "django_session"."session_data", "django_session"."expire_date" FROM "django_session" WHERE ("django_session"."expire_date" > '2021-09-08 12:41:28.297017' AND "django_session"."session_key" = 'lo83icnmfkzogy8nbj0q2ogs38cjb7p5') LIMIT 21; args=('2021-09-08 12:41:28.297017', 'lo83icnmfkzogy8nbj0q2ogs38cjb7p5')
(0.000) SELECT "auth_user"."id", "auth_user"."password", "auth_user"."last_login", "auth_user"."is_superuser", "auth_user"."username", "auth_user"."first_name", "auth_user"."last_name", "auth_user"."email", "auth_user"."is_staff", "auth_user"."is_active", "auth_user"."date_joined" FROM "auth_user" WHERE "auth_user"."id" = 1 LIMIT 21; args=(1,)
(0.000) SELECT "django_session"."session_key", "django_session"."session_data", "django_session"."expire_date" FROM "django_session" WHERE ("django_session"."expire_date" > '2021-09-08 12:41:30.189825' AND "django_session"."session_key" = 'lo83icnmfkzogy8nbj0q2ogs38cjb7p5') LIMIT 21; args=('2021-09-08 12:41:30.189825', 'lo83icnmfkzogy8nbj0q2ogs38cjb7p5')
(0.000) SELECT "auth_user"."id", "auth_user"."password", "auth_user"."last_login", "auth_user"."is_superuser", "auth_user"."username", "auth_user"."first_name", "auth_user"."last_name", "auth_user"."email", "auth_user"."is_staff", "auth_user"."is_active", "auth_user"."date_joined" FROM "auth_user" WHERE "auth_user"."id" = 1 LIMIT 21; args=(1,)
(0.000) BEGIN; args=None
(0.000) SELECT "django_content_type"."id", "django_content_type"."app_label", "django_content_type"."model" FROM "django_content_type" WHERE ("django_content_type"."app_label" = 'main' AND "django_content_type"."model" = 'phone') LIMIT 21; args=('main', 'phone')
(0.000) SELECT "main_person"."id", "main_person"."user_id", "main_person"."birth_date" FROM "main_person"; args=()
(0.001) SELECT "django_session"."session_key", "django_session"."session_data", "django_session"."expire_date" FROM "django_session" WHERE ("django_session"."expire_date" > '2021-09-08 12:41:30.299477' AND "django_session"."session_key" = 'lo83icnmfkzogy8nbj0q2ogs38cjb7p5') LIMIT 21; args=('2021-09-08 12:41:30.299477', 'lo83icnmfkzogy8nbj0q2ogs38cjb7p5')
(0.000) SELECT "auth_user"."id", "auth_user"."password", "auth_user"."last_login", "auth_user"."is_superuser", "auth_user"."username", "auth_user"."first_name", "auth_user"."last_name", "auth_user"."email", "auth_user"."is_staff", "auth_user"."is_active", "auth_user"."date_joined" FROM "auth_user" WHERE "auth_user"."id" = 1 LIMIT 21; args=(1,)
(0.000) SELECT "django_session"."session_key", "django_session"."session_data", "django_session"."expire_date" FROM "django_session" WHERE ("django_session"."expire_date" > '2021-09-08 12:42:25.574786' AND "django_session"."session_key" = 'lo83icnmfkzogy8nbj0q2ogs38cjb7p5') LIMIT 21; args=('2021-09-08 12:42:25.574786', 'lo83icnmfkzogy8nbj0q2ogs38cjb7p5')
(0.000) SELECT "auth_user"."id", "auth_user"."password", "auth_user"."last_login", "auth_user"."is_superuser", "auth_user"."username", "auth_user"."first_name", "auth_user"."last_name", "auth_user"."email", "auth_user"."is_staff", "auth_user"."is_active", "auth_user"."date_joined" FROM "auth_user" WHERE "auth_user"."id" = 1 LIMIT 21; args=(1,)
(0.000) BEGIN; args=None
(0.000) SELECT "main_person"."id", "main_person"."user_id", "main_person"."birth_date" FROM "main_person"; args=()
(0.000) SELECT "django_session"."session_key", "django_session"."session_data", "django_session"."expire_date" FROM "django_session" WHERE ("django_session"."expire_date" > '2021-09-08 12:42:25.664430' AND "django_session"."session_key" = 'lo83icnmfkzogy8nbj0q2ogs38cjb7p5') LIMIT 21; args=('2021-09-08 12:42:25.664430', 'lo83icnmfkzogy8nbj0q2ogs38cjb7p5')
(0.000) SELECT "auth_user"."id", "auth_user"."password", "auth_user"."last_login", "auth_user"."is_superuser", "auth_user"."username", "auth_user"."first_name", "auth_user"."last_name", "auth_user"."email", "auth_user"."is_staff", "auth_user"."is_active", "auth_user"."date_joined" FROM "auth_user" WHERE "auth_user"."id" = 1 LIMIT 21; args=(1,)
(0.000) SELECT "django_session"."session_key", "django_session"."session_data", "django_session"."expire_date" FROM "django_session" WHERE ("django_session"."expire_date" > '2021-09-08 12:42:26.406136' AND "django_session"."session_key" = 'lo83icnmfkzogy8nbj0q2ogs38cjb7p5') LIMIT 21; args=('2021-09-08 12:42:26.406136', 'lo83icnmfkzogy8nbj0q2ogs38cjb7p5')
(0.000) SELECT "auth_user"."id", "auth_user"."password", "auth_user"."last_login", "auth_user"."is_superuser", "auth_user"."username", "auth_user"."first_name", "auth_user"."last_name", "auth_user"."email", "auth_user"."is_staff", "auth_user"."is_active", "auth_user"."date_joined" FROM "auth_user" WHERE "auth_user"."id" = 1 LIMIT 21; args=(1,)
(0.000) BEGIN; args=None
(0.000) SELECT "main_person"."id", "main_person"."user_id", "main_person"."birth_date" FROM "main_person"; args=()
(0.000) SELECT "django_session"."session_key", "django_session"."session_data", "django_session"."expire_date" FROM "django_session" WHERE ("django_session"."expire_date" > '2021-09-08 12:42:26.478657' AND "django_session"."session_key" = 'lo83icnmfkzogy8nbj0q2ogs38cjb7p5') LIMIT 21; args=('2021-09-08 12:42:26.478657', 'lo83icnmfkzogy8nbj0q2ogs38cjb7p5')
(0.000) SELECT "auth_user"."id", "auth_user"."password", "auth_user"."last_login", "auth_user"."is_superuser", "auth_user"."username", "auth_user"."first_name", "auth_user"."last_name", "auth_user"."email", "auth_user"."is_staff", "auth_user"."is_active", "auth_user"."date_joined" FROM "auth_user" WHERE "auth_user"."id" = 1 LIMIT 21; args=(1,)
(0.003) SELECT "django_session"."session_key", "django_session"."session_data", "django_session"."expire_date" FROM "django_session" WHERE ("django_session"."expire_date" > '2021-09-08 12:42:38.832538' AND "django_session"."session_key" = 'lo83icnmfkzogy8nbj0q2ogs38cjb7p5') LIMIT 21; args=('2021-09-08 12:42:38.832538', 'lo83icnmfkzogy8nbj0q2ogs38cjb7p5')
(0.000) SELECT "auth_user"."id", "auth_user"."password", "auth_user"."last_login", "auth_user"."is_superuser", "auth_user"."username", "auth_user"."first_name", "auth_user"."last_name", "auth_user"."email", "auth_user"."is_staff", "auth_user"."is_active", "auth_user"."date_joined" FROM "auth_user" WHERE "auth_user"."id" = 1 LIMIT 21; args=(1,)
(0.000) BEGIN; args=None
(0.000) SELECT "django_content_type"."id", "django_content_type"."app_label", "django_content_type"."model" FROM "django_content_type" WHERE ("django_content_type"."app_label" = 'main' AND "django_content_type"."model" = 'phone') LIMIT 21; args=('main', 'phone')
(0.000) SELECT "main_person"."id", "main_person"."user_id", "main_person"."birth_date" FROM "main_person"; args=()
(0.001) SELECT "django_session"."session_key", "django_session"."session_data", "django_session"."expire_date" FROM "django_session" WHERE ("django_session"."expire_date" > '2021-09-08 12:42:39.009728' AND "django_session"."session_key" = 'lo83icnmfkzogy8nbj0q2ogs38cjb7p5') LIMIT 21; args=('2021-09-08 12:42:39.009728', 'lo83icnmfkzogy8nbj0q2ogs38cjb7p5')
(0.000) SELECT "auth_user"."id", "auth_user"."password", "auth_user"."last_login", "auth_user"."is_superuser", "auth_user"."username", "auth_user"."first_name", "auth_user"."last_name", "auth_user"."email", "auth_user"."is_staff", "auth_user"."is_active", "auth_user"."date_joined" FROM "auth_user" WHERE "auth_user"."id" = 1 LIMIT 21; args=(1,)
(0.003) SELECT "django_session"."session_key", "django_session"."session_data", "django_session"."expire_date" FROM "django_session" WHERE ("django_session"."expire_date" > '2021-09-08 13:15:59.454758' AND "django_session"."session_key" = 'lo83icnmfkzogy8nbj0q2ogs38cjb7p5') LIMIT 21; args=('2021-09-08 13:15:59.454758', 'lo83icnmfkzogy8nbj0q2ogs38cjb7p5')
(0.000) SELECT "auth_user"."id", "auth_user"."password", "auth_user"."last_login", "auth_user"."is_superuser", "auth_user"."username", "auth_user"."first_name", "auth_user"."last_name", "auth_user"."email", "auth_user"."is_staff", "auth_user"."is_active", "auth_user"."date_joined" FROM "auth_user" WHERE "auth_user"."id" = 1 LIMIT 21; args=(1,)
(0.001) SELECT "django_admin_log"."id", "django_admin_log"."action_time", "django_admin_log"."user_id", "django_admin_log"."content_type_id", "django_admin_log"."object_id", "django_admin_log"."object_repr", "django_admin_log"."action_flag", "django_admin_log"."change_message", "auth_user"."id", "auth_user"."password", "auth_user"."last_login", "auth_user"."is_superuser", "auth_user"."username", "auth_user"."first_name", "auth_user"."last_name", "auth_user"."email", "auth_user"."is_staff", "auth_user"."is_active", "auth_user"."date_joined", "django_content_type"."id", "django_content_type"."app_label", "django_content_type"."model" FROM "django_admin_log" INNER JOIN "auth_user" ON ("django_admin_log"."user_id" = "auth_user"."id") LEFT OUTER JOIN "django_content_type" ON ("django_admin_log"."content_type_id" = "django_content_type"."id") WHERE "django_admin_log"."user_id" = 1 ORDER BY "django_admin_log"."action_time" DESC LIMIT 10; args=(1,)
